<?xml version="1.0" encoding="UTF-8"?>
<robot generator="Robot 3.0.4 (Python 3.7.1 on win32)" generated="20181228 10:31:15.333">
<suite id="s1" name="weather forecast Get" source="D:\test\JoyrunTestOA\thejoyrunTestcode\webevent\weather_forecast_Get.txt">
<test id="s1-t1" name="Class_01">
<kw name="weather_forecast_getns_Keywords">
<doc>weather/forecast 接口用例的Keywords关健字</doc>
<arguments>
<arg>39.9</arg>
<arg>116.4</arg>
<arg>success</arg>
<arg>${EMPTY}</arg>
</arguments>
<kw name="Set Variable" library="BuiltIn">
<doc>Returns the given values which can then be assigned to a variables.</doc>
<arguments>
<arg>/weather/forecast</arg>
</arguments>
<assign>
<var>${path}</var>
</assign>
<msg timestamp="20181228 10:31:16.915" level="INFO">${path} = /weather/forecast</msg>
<status status="PASS" starttime="20181228 10:31:16.914" endtime="20181228 10:31:16.915"></status>
</kw>
<kw name="Create Dictionary" library="BuiltIn">
<doc>Creates and returns a dictionary based on the given ``items``.</doc>
<assign>
<var>${maps}</var>
</assign>
<msg timestamp="20181228 10:31:16.915" level="INFO">${maps} = {}</msg>
<status status="PASS" starttime="20181228 10:31:16.915" endtime="20181228 10:31:16.915"></status>
</kw>
<kw name="Set To Dictionary" library="Collections">
<doc>Adds the given ``key_value_pairs`` and ``items`` to the ``dictionary``.</doc>
<arguments>
<arg>${maps}</arg>
<arg>lat=${lat}</arg>
</arguments>
<status status="PASS" starttime="20181228 10:31:16.915" endtime="20181228 10:31:16.916"></status>
</kw>
<kw name="Set To Dictionary" library="Collections">
<doc>Adds the given ``key_value_pairs`` and ``items`` to the ``dictionary``.</doc>
<arguments>
<arg>${maps}</arg>
<arg>lng=${lng}</arg>
</arguments>
<status status="PASS" starttime="20181228 10:31:16.916" endtime="20181228 10:31:16.916"></status>
</kw>
<kw name="Log" library="BuiltIn">
<doc>Logs the given message with the given level.</doc>
<arguments>
<arg>========输出接口URL：${webevent_URL}${path}</arg>
</arguments>
<msg timestamp="20181228 10:31:16.916" level="INFO">========输出接口URL：http://webevent-test.thejoyrun.com/weather/forecast</msg>
<status status="PASS" starttime="20181228 10:31:16.916" endtime="20181228 10:31:16.917"></status>
</kw>
<kw name="Log" library="BuiltIn">
<doc>Logs the given message with the given level.</doc>
<arguments>
<arg>========接口的入参为：${maps}==========</arg>
</arguments>
<msg timestamp="20181228 10:31:16.917" level="INFO">========接口的入参为：{'lat': '39.9', 'lng': '116.4'}==========</msg>
<status status="PASS" starttime="20181228 10:31:16.917" endtime="20181228 10:31:16.917"></status>
</kw>
<kw name="thejoyrun_get_nosign" library="thejoyrun">
<doc>*用于非APP请求不需要签名Get场景：joyrun中get请求url方式参数的关键字*</doc>
<arguments>
<arg>${path}</arg>
<arg>${maps}</arg>
<arg>${userName}</arg>
<arg>${webevent_URL}</arg>
</arguments>
<assign>
<var>${resp}</var>
</assign>
<kw name="Log" library="BuiltIn">
<doc>Logs the given message with the given level.</doc>
<arguments>
<arg>thejoyrun_get_nosign Start ......</arg>
</arguments>
<msg timestamp="20181228 10:31:16.918" level="INFO">thejoyrun_get_nosign Start ......</msg>
<status status="PASS" starttime="20181228 10:31:16.918" endtime="20181228 10:31:16.919"></status>
</kw>
<kw name="Run Keyword If" library="BuiltIn">
<doc>Runs the given keyword with the given arguments, if ``condition`` is true.</doc>
<arguments>
<arg>'${Retry}'=='None'</arg>
<arg>set variable</arg>
<arg>${RetryInti}</arg>
<arg>ELSE</arg>
<arg>set variable</arg>
<arg>${Retry}</arg>
</arguments>
<assign>
<var>${Retry}</var>
</assign>
<kw name="Set Variable" library="BuiltIn">
<doc>Returns the given values which can then be assigned to a variables.</doc>
<arguments>
<arg>${RetryInti}</arg>
</arguments>
<status status="PASS" starttime="20181228 10:31:16.919" endtime="20181228 10:31:16.920"></status>
</kw>
<msg timestamp="20181228 10:31:16.920" level="INFO">${Retry} = 3</msg>
<status status="PASS" starttime="20181228 10:31:16.919" endtime="20181228 10:31:16.920"></status>
</kw>
<kw name="Run Keyword If" library="BuiltIn">
<doc>Runs the given keyword with the given arguments, if ``condition`` is true.</doc>
<arguments>
<arg>'${pwds}'=='None'</arg>
<arg>set variable</arg>
<arg>${pwd}</arg>
<arg>ELSE</arg>
<arg>set variable</arg>
<arg>${pwds}</arg>
</arguments>
<assign>
<var>${pwd}</var>
</assign>
<kw name="Set Variable" library="BuiltIn">
<doc>Returns the given values which can then be assigned to a variables.</doc>
<arguments>
<arg>${pwd}</arg>
</arguments>
<status status="PASS" starttime="20181228 10:31:16.921" endtime="20181228 10:31:16.921"></status>
</kw>
<msg timestamp="20181228 10:31:16.921" level="INFO">${pwd} = 67889911</msg>
<status status="PASS" starttime="20181228 10:31:16.920" endtime="20181228 10:31:16.921"></status>
</kw>
<kw name="Env_URL" library="thejoyrun">
<doc>根据URL判断运行环境</doc>
<arguments>
<arg>${Base_URL}</arg>
</arguments>
<assign>
<var>${env}</var>
</assign>
<kw name="Log" library="BuiltIn">
<doc>Logs the given message with the given level.</doc>
<arguments>
<arg>Env_URL Start ......</arg>
</arguments>
<msg timestamp="20181228 10:31:16.922" level="INFO">Env_URL Start ......</msg>
<status status="PASS" starttime="20181228 10:31:16.922" endtime="20181228 10:31:16.922"></status>
</kw>
<kw name="Get Lines Matching Pattern" library="String">
<doc>Returns lines of the given ``string`` that match the ``pattern``.</doc>
<arguments>
<arg>${InputURL}</arg>
<arg>*-test*</arg>
</arguments>
<assign>
<var>${Testcount}</var>
</assign>
<msg timestamp="20181228 10:31:16.923" level="INFO">1 out of 1 lines matched</msg>
<msg timestamp="20181228 10:31:16.923" level="INFO">${Testcount} = http://webevent-test.thejoyrun.com</msg>
<status status="PASS" starttime="20181228 10:31:16.922" endtime="20181228 10:31:16.923"></status>
</kw>
<kw name="Run Keyword If" library="BuiltIn">
<doc>Runs the given keyword with the given arguments, if ``condition`` is true.</doc>
<arguments>
<arg>'${Testcount}'=='${EMPTY}'</arg>
<arg>set variable</arg>
<arg>Online</arg>
<arg>ELSE</arg>
<arg>set variable</arg>
<arg>Test</arg>
</arguments>
<assign>
<var>${env_out}</var>
</assign>
<kw name="Set Variable" library="BuiltIn">
<doc>Returns the given values which can then be assigned to a variables.</doc>
<arguments>
<arg>Test</arg>
</arguments>
<status status="PASS" starttime="20181228 10:31:16.924" endtime="20181228 10:31:16.924"></status>
</kw>
<msg timestamp="20181228 10:31:16.925" level="INFO">${env_out} = Test</msg>
<status status="PASS" starttime="20181228 10:31:16.923" endtime="20181228 10:31:16.925"></status>
</kw>
<kw name="Log" library="BuiltIn">
<doc>Logs the given message with the given level.</doc>
<arguments>
<arg>Env_URL End ......</arg>
</arguments>
<msg timestamp="20181228 10:31:16.925" level="INFO">Env_URL End ......</msg>
<status status="PASS" starttime="20181228 10:31:16.925" endtime="20181228 10:31:16.926"></status>
</kw>
<msg timestamp="20181228 10:31:16.926" level="INFO">${env} = Test</msg>
<status status="PASS" starttime="20181228 10:31:16.921" endtime="20181228 10:31:16.926"></status>
</kw>
<kw name="Get Dictionary Keys" library="Collections">
<doc>Returns keys of the given ``dictionary``.</doc>
<arguments>
<arg>${usersinfo_dict}</arg>
</arguments>
<assign>
<var>${userslist}</var>
</assign>
<msg timestamp="20181228 10:31:16.927" level="INFO">${userslist} = []</msg>
<status status="PASS" starttime="20181228 10:31:16.926" endtime="20181228 10:31:16.927"></status>
</kw>
<kw name="Get Count" library="BuiltIn">
<doc>Returns and logs how many times ``item2`` is found from ``item1``.</doc>
<arguments>
<arg>${userslist}</arg>
<arg>${env}${userName}</arg>
</arguments>
<assign>
<var>${user_is}</var>
</assign>
<msg timestamp="20181228 10:31:16.928" level="INFO">Item found from the first item 0 times</msg>
<msg timestamp="20181228 10:31:16.928" level="INFO">${user_is} = 0</msg>
<status status="PASS" starttime="20181228 10:31:16.927" endtime="20181228 10:31:16.928"></status>
</kw>
<kw name="Run Keyword If" library="BuiltIn">
<doc>Runs the given keyword with the given arguments, if ``condition`` is true.</doc>
<arguments>
<arg>${user_is}&lt;=0</arg>
<arg>joyrun_POST_heardsession</arg>
<arg>${userName}</arg>
<arg>${pwd}</arg>
<arg>${Base_URL}</arg>
<arg>ELSE</arg>
<arg>Get From Dictionary</arg>
<arg>${usersinfo_dict}</arg>
<arg>${env}${userName}</arg>
</arguments>
<assign>
<var>${heards}</var>
</assign>
<kw name="joyrun_POST_heardsession" library="http_request">
<doc>Joyrun login</doc>
<arguments>
<arg>${userName}</arg>
<arg>${pwd}</arg>
<arg>${Base_URL}</arg>
</arguments>
<kw name="Log" library="BuiltIn">
<doc>Logs the given message with the given level.</doc>
<arguments>
<arg>-----------------cookies mothod is log start1;--------------------------</arg>
</arguments>
<msg timestamp="20181228 10:31:16.931" level="INFO">-----------------cookies mothod is log start1;--------------------------</msg>
<status status="PASS" starttime="20181228 10:31:16.930" endtime="20181228 10:31:16.931"></status>
</kw>
<kw name="Log" library="BuiltIn">
<doc>Logs the given message with the given level.</doc>
<arguments>
<arg>-----------------cookies mothod is log start2;--------------------------</arg>
</arguments>
<msg timestamp="20181228 10:31:16.932" level="INFO">-----------------cookies mothod is log start2;--------------------------</msg>
<status status="PASS" starttime="20181228 10:31:16.931" endtime="20181228 10:31:16.932"></status>
</kw>
<kw name="Env_URL" library="thejoyrun">
<doc>根据URL判断运行环境</doc>
<arguments>
<arg>${Base_URL}</arg>
</arguments>
<assign>
<var>${env}</var>
</assign>
<kw name="Log" library="BuiltIn">
<doc>Logs the given message with the given level.</doc>
<arguments>
<arg>Env_URL Start ......</arg>
</arguments>
<msg timestamp="20181228 10:31:16.933" level="INFO">Env_URL Start ......</msg>
<status status="PASS" starttime="20181228 10:31:16.933" endtime="20181228 10:31:16.934"></status>
</kw>
<kw name="Get Lines Matching Pattern" library="String">
<doc>Returns lines of the given ``string`` that match the ``pattern``.</doc>
<arguments>
<arg>${InputURL}</arg>
<arg>*-test*</arg>
</arguments>
<assign>
<var>${Testcount}</var>
</assign>
<msg timestamp="20181228 10:31:16.934" level="INFO">1 out of 1 lines matched</msg>
<msg timestamp="20181228 10:31:16.935" level="INFO">${Testcount} = http://webevent-test.thejoyrun.com</msg>
<status status="PASS" starttime="20181228 10:31:16.934" endtime="20181228 10:31:16.935"></status>
</kw>
<kw name="Run Keyword If" library="BuiltIn">
<doc>Runs the given keyword with the given arguments, if ``condition`` is true.</doc>
<arguments>
<arg>'${Testcount}'=='${EMPTY}'</arg>
<arg>set variable</arg>
<arg>Online</arg>
<arg>ELSE</arg>
<arg>set variable</arg>
<arg>Test</arg>
</arguments>
<assign>
<var>${env_out}</var>
</assign>
<kw name="Set Variable" library="BuiltIn">
<doc>Returns the given values which can then be assigned to a variables.</doc>
<arguments>
<arg>Test</arg>
</arguments>
<status status="PASS" starttime="20181228 10:31:16.935" endtime="20181228 10:31:16.936"></status>
</kw>
<msg timestamp="20181228 10:31:16.936" level="INFO">${env_out} = Test</msg>
<status status="PASS" starttime="20181228 10:31:16.935" endtime="20181228 10:31:16.936"></status>
</kw>
<kw name="Log" library="BuiltIn">
<doc>Logs the given message with the given level.</doc>
<arguments>
<arg>Env_URL End ......</arg>
</arguments>
<msg timestamp="20181228 10:31:16.937" level="INFO">Env_URL End ......</msg>
<status status="PASS" starttime="20181228 10:31:16.936" endtime="20181228 10:31:16.937"></status>
</kw>
<msg timestamp="20181228 10:31:16.937" level="INFO">${env} = Test</msg>
<status status="PASS" starttime="20181228 10:31:16.932" endtime="20181228 10:31:16.937"></status>
</kw>
<kw name="Run Keyword If" library="BuiltIn">
<doc>Runs the given keyword with the given arguments, if ``condition`` is true.</doc>
<arguments>
<arg>'${env}'=='Test'</arg>
<arg>set variable</arg>
<arg>${loginTest}</arg>
<arg>ELSE</arg>
<arg>set variable</arg>
<arg>${loginOnline}</arg>
</arguments>
<assign>
<var>${login_URL}</var>
</assign>
<kw name="Set Variable" library="BuiltIn">
<doc>Returns the given values which can then be assigned to a variables.</doc>
<arguments>
<arg>${loginTest}</arg>
</arguments>
<status status="PASS" starttime="20181228 10:31:16.938" endtime="20181228 10:31:16.938"></status>
</kw>
<msg timestamp="20181228 10:31:16.938" level="INFO">${login_URL} = http://api-test.thejoyrun.com</msg>
<status status="PASS" starttime="20181228 10:31:16.937" endtime="20181228 10:31:16.938"></status>
</kw>
<kw name="Log" library="BuiltIn">
<doc>Logs the given message with the given level.</doc>
<arguments>
<arg>运行环境是${login_URL}</arg>
</arguments>
<msg timestamp="20181228 10:31:16.939" level="INFO">运行环境是http://api-test.thejoyrun.com</msg>
<status status="PASS" starttime="20181228 10:31:16.938" endtime="20181228 10:31:16.939"></status>
</kw>
<kw name="GetServertime" library="thejoyrun">
<doc>获取服务端的时间</doc>
<arguments>
<arg>${login_URL}</arg>
</arguments>
<assign>
<var>${timestamp}</var>
</assign>
<kw name="Log" library="BuiltIn">
<doc>Logs the given message with the given level.</doc>
<arguments>
<arg>GetServertime Start ......</arg>
</arguments>
<msg timestamp="20181228 10:31:16.940" level="INFO">GetServertime Start ......</msg>
<status status="PASS" starttime="20181228 10:31:16.940" endtime="20181228 10:31:16.940"></status>
</kw>
<kw name="Get Time" library="BuiltIn">
<doc>Returns the given time in the requested format.</doc>
<arguments>
<arg>epoch</arg>
</arguments>
<assign>
<var>${time}</var>
</assign>
<msg timestamp="20181228 10:31:16.941" level="INFO">${time} = 1545964276</msg>
<status status="PASS" starttime="20181228 10:31:16.940" endtime="20181228 10:31:16.941"></status>
</kw>
<kw name="Log" library="BuiltIn">
<doc>Logs the given message with the given level.</doc>
<arguments>
<arg>time= ${time}</arg>
</arguments>
<msg timestamp="20181228 10:31:16.942" level="INFO">time= 1545964276</msg>
<status status="PASS" starttime="20181228 10:31:16.941" endtime="20181228 10:31:16.942"></status>
</kw>
<kw name="Evaluate" library="BuiltIn">
<doc>Evaluates the given expression in Python and returns the results.</doc>
<arguments>
<arg>int(${time})-${Goltimestamp}-280</arg>
</arguments>
<assign>
<var>${isend}</var>
</assign>
<msg timestamp="20181228 10:31:16.943" level="INFO">${isend} = 1545963996</msg>
<status status="PASS" starttime="20181228 10:31:16.942" endtime="20181228 10:31:16.943"></status>
</kw>
<kw name="Run Keyword If" library="BuiltIn">
<doc>Runs the given keyword with the given arguments, if ``condition`` is true.</doc>
<arguments>
<arg>${isend}&gt;=0</arg>
<arg>Create Session</arg>
<arg>timestamp</arg>
<arg>${login_URL}</arg>
</arguments>
<kw name="Create Session" library="RequestsLibrary">
<doc>Create Session: create a HTTP session to a server</doc>
<arguments>
<arg>timestamp</arg>
<arg>${login_URL}</arg>
</arguments>
<msg timestamp="20181228 10:31:16.944" level="INFO">Creating Session using : alias=timestamp, url=http://api-test.thejoyrun.com, headers={},                     cookies=None, auth=None, timeout=None, proxies=None, verify=False,                     debug=0 </msg>
<status status="PASS" starttime="20181228 10:31:16.944" endtime="20181228 10:31:16.945"></status>
</kw>
<status status="PASS" starttime="20181228 10:31:16.943" endtime="20181228 10:31:16.945"></status>
</kw>
<kw name="Run Keyword If" library="BuiltIn">
<doc>Runs the given keyword with the given arguments, if ``condition`` is true.</doc>
<arguments>
<arg>${isend}&gt;=0</arg>
<arg>RequestsLibrary.Get Request</arg>
<arg>timestamp</arg>
<arg>/GetTimestamp.aspx</arg>
</arguments>
<assign>
<var>${resptime}</var>
</assign>
<kw name="Get Request" library="RequestsLibrary">
<doc>Send a GET request on the session object found using the</doc>
<arguments>
<arg>timestamp</arg>
<arg>/GetTimestamp.aspx</arg>
</arguments>
<msg timestamp="20181228 10:31:17.016" level="INFO">Get Request using : alias=timestamp, uri=/GetTimestamp.aspx, headers=None json=None</msg>
<status status="PASS" starttime="20181228 10:31:16.946" endtime="20181228 10:31:17.016"></status>
</kw>
<msg timestamp="20181228 10:31:17.016" level="INFO">${resptime} = &lt;Response [200]&gt;</msg>
<status status="PASS" starttime="20181228 10:31:16.945" endtime="20181228 10:31:17.016"></status>
</kw>
<kw name="Run Keyword If" library="BuiltIn">
<doc>Runs the given keyword with the given arguments, if ``condition`` is true.</doc>
<arguments>
<arg>${isend}&gt;=0</arg>
<arg>charconver</arg>
<arg>${resptime.content}</arg>
</arguments>
<assign>
<var>${contentime}</var>
</assign>
<kw name="Charconver" library="tools_library">
<doc>Converts the utf-8 content to unicode </doc>
<arguments>
<arg>${resptime.content}</arg>
</arguments>
<msg timestamp="20181228 10:31:17.017" level="INFO">&lt;class 'bytes'&gt;
b'{"ret":"0","sid":"","lasttime":1545964277,"msg":"\xe6\x88\x90\xe5\x8a\x9f"}'
&lt;class 'str'&gt;
{"ret":"0","sid":"","lasttime":1545964277,"msg":"成功"}</msg>
<status status="PASS" starttime="20181228 10:31:17.017" endtime="20181228 10:31:17.018"></status>
</kw>
<msg timestamp="20181228 10:31:17.018" level="INFO">${contentime} = {"ret":"0","sid":"","lasttime":1545964277,"msg":"成功"}</msg>
<status status="PASS" starttime="20181228 10:31:17.016" endtime="20181228 10:31:17.018"></status>
</kw>
<kw name="Run Keyword If" library="BuiltIn">
<doc>Runs the given keyword with the given arguments, if ``condition`` is true.</doc>
<arguments>
<arg>${isend}&gt;=0</arg>
<arg>get json value</arg>
<arg>${contentime}</arg>
<arg>/lasttime</arg>
<arg>ELSE</arg>
<arg>set variable</arg>
<arg>${Goltimestamp}</arg>
</arguments>
<assign>
<var>${timestamp}</var>
</assign>
<kw name="Get Json Value" library="method_private_forPy3">
<arguments>
<arg>${contentime}</arg>
<arg>/lasttime</arg>
</arguments>
<msg timestamp="20181228 10:31:17.019" level="INFO">The doc's type is &lt;class 'str'&gt;
The doc is {"ret":"0","sid":"","lasttime":1545964277,"msg":"成功"}
The pointer' type is &lt;class 'str'&gt;
The pointer is /lasttime
The doc's type after change is &lt;class 'dict'&gt;
The data's type after filtering is &lt;class 'int'&gt;
The data's type after filtering is 1545964277
The data's type after filtering and change is &lt;class 'str'&gt;
The data finally is 1545964277</msg>
<status status="PASS" starttime="20181228 10:31:17.018" endtime="20181228 10:31:17.019"></status>
</kw>
<msg timestamp="20181228 10:31:17.019" level="INFO">${timestamp} = 1545964277</msg>
<status status="PASS" starttime="20181228 10:31:17.018" endtime="20181228 10:31:17.019"></status>
</kw>
<kw name="Set Global Variable" library="BuiltIn">
<doc>Makes a variable available globally in all tests and suites.</doc>
<arguments>
<arg>${Goltimestamp}</arg>
<arg>${timestamp}</arg>
</arguments>
<msg timestamp="20181228 10:31:17.020" level="INFO">${Goltimestamp} = 1545964277</msg>
<status status="PASS" starttime="20181228 10:31:17.019" endtime="20181228 10:31:17.020"></status>
</kw>
<kw name="Log" library="BuiltIn">
<doc>Logs the given message with the given level.</doc>
<arguments>
<arg>GetServertime End ......</arg>
</arguments>
<msg timestamp="20181228 10:31:17.020" level="INFO">GetServertime End ......</msg>
<status status="PASS" starttime="20181228 10:31:17.020" endtime="20181228 10:31:17.020"></status>
</kw>
<msg timestamp="20181228 10:31:17.021" level="INFO">${timestamp} = 1545964277</msg>
<status status="PASS" starttime="20181228 10:31:16.939" endtime="20181228 10:31:17.021"></status>
</kw>
<kw name="Set Variable" library="BuiltIn">
<doc>Returns the given values which can then be assigned to a variables.</doc>
<arguments>
<arg>${login_URL}</arg>
</arguments>
<assign>
<var>${Url}</var>
</assign>
<msg timestamp="20181228 10:31:17.021" level="INFO">${Url} = http://api-test.thejoyrun.com</msg>
<status status="PASS" starttime="20181228 10:31:17.021" endtime="20181228 10:31:17.021"></status>
</kw>
<kw name="Set Variable" library="BuiltIn">
<doc>Returns the given values which can then be assigned to a variables.</doc>
<arguments>
<arg>/user/login/normal</arg>
</arguments>
<assign>
<var>${loginUri}</var>
</assign>
<msg timestamp="20181228 10:31:17.022" level="INFO">${loginUri} = /user/login/normal</msg>
<status status="PASS" starttime="20181228 10:31:17.022" endtime="20181228 10:31:17.022"></status>
</kw>
<kw name="Encrypt" library="tools_library">
<doc>encrypt string, support md5, sha1, sha512, base64en, base64de present. md5 default 16bit.</doc>
<arguments>
<arg>${pwd}</arg>
<arg>md5</arg>
<arg>32</arg>
</arguments>
<assign>
<var>${pwdmd5}</var>
</assign>
<msg timestamp="20181228 10:31:17.023" level="INFO">${pwdmd5} = caa7ed4163a9ce8504fb19a3edbd4611</msg>
<status status="PASS" starttime="20181228 10:31:17.022" endtime="20181228 10:31:17.023"></status>
</kw>
<kw name="Create Dictionary" library="BuiltIn">
<doc>Creates and returns a dictionary based on the given ``items``.</doc>
<arguments>
<arg>deviceToken=${deviceToken}</arg>
</arguments>
<assign>
<var>${keydic}</var>
</assign>
<msg timestamp="20181228 10:31:17.024" level="INFO">${keydic} = {'deviceToken': 'cb9012fd0302813461884e4a3fcc382886b73f6518c1dbe1f031a3901ee72eb4'}</msg>
<status status="PASS" starttime="20181228 10:31:17.023" endtime="20181228 10:31:17.024"></status>
</kw>
<kw name="Set To Dictionary" library="Collections">
<doc>Adds the given ``key_value_pairs`` and ``items`` to the ``dictionary``.</doc>
<arguments>
<arg>${keydic}</arg>
<arg>username=${username}</arg>
</arguments>
<status status="PASS" starttime="20181228 10:31:17.024" endtime="20181228 10:31:17.025"></status>
</kw>
<kw name="Set To Dictionary" library="Collections">
<doc>Adds the given ``key_value_pairs`` and ``items`` to the ``dictionary``.</doc>
<arguments>
<arg>${keydic}</arg>
<arg>pwd=${pwdmd5}</arg>
</arguments>
<status status="PASS" starttime="20181228 10:31:17.026" endtime="20181228 10:31:17.027"></status>
</kw>
<kw name="Set To Dictionary" library="Collections">
<doc>Adds the given ``key_value_pairs`` and ``items`` to the ``dictionary``.</doc>
<arguments>
<arg>${keydic}</arg>
<arg>timestamp=${timestamp}</arg>
</arguments>
<status status="PASS" starttime="20181228 10:31:17.027" endtime="20181228 10:31:17.027"></status>
</kw>
<kw name="sorted_request_data" library="http_request">
<doc>将map请求的参数转换为字符串或json格式,type为编码类型,默认为unicode编码，decode为unicode解码（用于中文展示）；</doc>
<arguments>
<arg>${keydic}</arg>
</arguments>
<assign>
<var>${signparam}</var>
</assign>
<kw name="Log" library="BuiltIn">
<doc>Logs the given message with the given level.</doc>
<arguments>
<arg>sorted_request_data Start ......</arg>
</arguments>
<msg timestamp="20181228 10:31:17.029" level="INFO">sorted_request_data Start ......</msg>
<status status="PASS" starttime="20181228 10:31:17.029" endtime="20181228 10:31:17.029"></status>
</kw>
<kw name="Log" library="BuiltIn">
<doc>Logs the given message with the given level.</doc>
<arguments>
<arg>Map原字符：</arg>
</arguments>
<msg timestamp="20181228 10:31:17.030" level="INFO">Map原字符：</msg>
<status status="PASS" starttime="20181228 10:31:17.029" endtime="20181228 10:31:17.030"></status>
</kw>
<kw name="Log" library="BuiltIn">
<doc>Logs the given message with the given level.</doc>
<arguments>
<arg>【${map}】</arg>
</arguments>
<msg timestamp="20181228 10:31:17.031" level="INFO">【{'deviceToken': 'cb9012fd0302813461884e4a3fcc382886b73f6518c1dbe1f031a3901ee72eb4', 'username': '13829744541', 'pwd': 'caa7ed4163a9ce8504fb19a3edbd4611', 'timestamp': '1545964277'}】</msg>
<status status="PASS" starttime="20181228 10:31:17.031" endtime="20181228 10:31:17.031"></status>
</kw>
<kw name="Evaluate" library="BuiltIn">
<doc>Evaluates the given expression in Python and returns the results.</doc>
<arguments>
<arg>sorted(${map}.items())</arg>
</arguments>
<assign>
<var>${map_list_before}</var>
</assign>
<msg timestamp="20181228 10:31:17.032" level="INFO">${map_list_before} = [('deviceToken', 'cb9012fd0302813461884e4a3fcc382886b73f6518c1dbe1f031a3901ee72eb4'), ('pwd', 'caa7ed4163a9ce8504fb19a3edbd4611'), ('timestamp', '1545964277'), ('username', '13829744541')]</msg>
<status status="PASS" starttime="20181228 10:31:17.032" endtime="20181228 10:31:17.033"></status>
</kw>
<kw name="Log" library="BuiltIn">
<doc>Logs the given message with the given level.</doc>
<arguments>
<arg>排序后：</arg>
</arguments>
<msg timestamp="20181228 10:31:17.033" level="INFO">排序后：</msg>
<status status="PASS" starttime="20181228 10:31:17.033" endtime="20181228 10:31:17.033"></status>
</kw>
<kw name="Log" library="BuiltIn">
<doc>Logs the given message with the given level.</doc>
<arguments>
<arg>【${map_list_before}】</arg>
</arguments>
<msg timestamp="20181228 10:31:17.034" level="INFO">【[('deviceToken', 'cb9012fd0302813461884e4a3fcc382886b73f6518c1dbe1f031a3901ee72eb4'), ('pwd', 'caa7ed4163a9ce8504fb19a3edbd4611'), ('timestamp', '1545964277'), ('username', '13829744541')]】</msg>
<status status="PASS" starttime="20181228 10:31:17.033" endtime="20181228 10:31:17.034"></status>
</kw>
<kw name="Evaluate" library="BuiltIn">
<doc>Evaluates the given expression in Python and returns the results.</doc>
<arguments>
<arg>urllib.parse.urlencode(${map_list_before})</arg>
<arg>urllib</arg>
</arguments>
<assign>
<var>${map_list_URL}</var>
</assign>
<msg timestamp="20181228 10:31:17.035" level="INFO">${map_list_URL} = deviceToken=cb9012fd0302813461884e4a3fcc382886b73f6518c1dbe1f031a3901ee72eb4&amp;pwd=caa7ed4163a9ce8504fb19a3edbd4611&amp;timestamp=1545964277&amp;username=13829744541</msg>
<status status="PASS" starttime="20181228 10:31:17.034" endtime="20181228 10:31:17.035"></status>
</kw>
<kw name="Log" library="BuiltIn">
<doc>Logs the given message with the given level.</doc>
<arguments>
<arg>排序-&gt;URL编码后：</arg>
</arguments>
<msg timestamp="20181228 10:31:17.036" level="INFO">排序-&gt;URL编码后：</msg>
<status status="PASS" starttime="20181228 10:31:17.035" endtime="20181228 10:31:17.036"></status>
</kw>
<kw name="Log" library="BuiltIn">
<doc>Logs the given message with the given level.</doc>
<arguments>
<arg>【${map_list_URL}】</arg>
</arguments>
<msg timestamp="20181228 10:31:17.037" level="INFO">【deviceToken=cb9012fd0302813461884e4a3fcc382886b73f6518c1dbe1f031a3901ee72eb4&amp;pwd=caa7ed4163a9ce8504fb19a3edbd4611&amp;timestamp=1545964277&amp;username=13829744541】</msg>
<status status="PASS" starttime="20181228 10:31:17.036" endtime="20181228 10:31:17.037"></status>
</kw>
<kw name="Convert To String" library="BuiltIn">
<doc>Converts the given item to a Unicode string.</doc>
<arguments>
<arg>${map_list_URL}</arg>
</arguments>
<assign>
<var>${data_out_Unicode}</var>
</assign>
<msg timestamp="20181228 10:31:17.037" level="INFO">${data_out_Unicode} = deviceToken=cb9012fd0302813461884e4a3fcc382886b73f6518c1dbe1f031a3901ee72eb4&amp;pwd=caa7ed4163a9ce8504fb19a3edbd4611&amp;timestamp=1545964277&amp;username=13829744541</msg>
<status status="PASS" starttime="20181228 10:31:17.037" endtime="20181228 10:31:17.038"></status>
</kw>
<kw name="Log" library="BuiltIn">
<doc>Logs the given message with the given level.</doc>
<arguments>
<arg>排序-&gt;URL编码-&gt;unicode编码后：</arg>
</arguments>
<msg timestamp="20181228 10:31:17.038" level="INFO">排序-&gt;URL编码-&gt;unicode编码后：</msg>
<status status="PASS" starttime="20181228 10:31:17.038" endtime="20181228 10:31:17.038"></status>
</kw>
<kw name="Log" library="BuiltIn">
<doc>Logs the given message with the given level.</doc>
<arguments>
<arg>【${data_out_Unicode}】</arg>
</arguments>
<msg timestamp="20181228 10:31:17.039" level="INFO">【deviceToken=cb9012fd0302813461884e4a3fcc382886b73f6518c1dbe1f031a3901ee72eb4&amp;pwd=caa7ed4163a9ce8504fb19a3edbd4611&amp;timestamp=1545964277&amp;username=13829744541】</msg>
<status status="PASS" starttime="20181228 10:31:17.038" endtime="20181228 10:31:17.039"></status>
</kw>
<kw name="Charconver" library="tools_library">
<doc>Converts the utf-8 content to unicode </doc>
<arguments>
<arg>${data_out_Unicode}</arg>
</arguments>
<assign>
<var>${data_out_UTF8}</var>
</assign>
<msg timestamp="20181228 10:31:17.040" level="INFO">&lt;class 'str'&gt;
deviceToken=cb9012fd0302813461884e4a3fcc382886b73f6518c1dbe1f031a3901ee72eb4&amp;pwd=caa7ed4163a9ce8504fb19a3edbd4611&amp;timestamp=1545964277&amp;username=13829744541</msg>
<msg timestamp="20181228 10:31:17.040" level="INFO">${data_out_UTF8} = deviceToken=cb9012fd0302813461884e4a3fcc382886b73f6518c1dbe1f031a3901ee72eb4&amp;pwd=caa7ed4163a9ce8504fb19a3edbd4611&amp;timestamp=1545964277&amp;username=13829744541</msg>
<status status="PASS" starttime="20181228 10:31:17.039" endtime="20181228 10:31:17.040"></status>
</kw>
<kw name="Log" library="BuiltIn">
<doc>Logs the given message with the given level.</doc>
<arguments>
<arg>排序-&gt;URL编码-&gt;unicode编码-&gt;UTF-8解码后：</arg>
</arguments>
<msg timestamp="20181228 10:31:17.040" level="INFO">排序-&gt;URL编码-&gt;unicode编码-&gt;UTF-8解码后：</msg>
<status status="PASS" starttime="20181228 10:31:17.040" endtime="20181228 10:31:17.041"></status>
</kw>
<kw name="Log" library="BuiltIn">
<doc>Logs the given message with the given level.</doc>
<arguments>
<arg>【${data_out_UTF8}】</arg>
</arguments>
<msg timestamp="20181228 10:31:17.041" level="INFO">【deviceToken=cb9012fd0302813461884e4a3fcc382886b73f6518c1dbe1f031a3901ee72eb4&amp;pwd=caa7ed4163a9ce8504fb19a3edbd4611&amp;timestamp=1545964277&amp;username=13829744541】</msg>
<status status="PASS" starttime="20181228 10:31:17.041" endtime="20181228 10:31:17.042"></status>
</kw>
<kw name="Run Keyword If" library="BuiltIn">
<doc>Runs the given keyword with the given arguments, if ``condition`` is true.</doc>
<arguments>
<arg>'${tpye}'=='UTF8'</arg>
<arg>set variable</arg>
<arg>${data_out_UTF8}</arg>
<arg>ELSE</arg>
<arg>set variable</arg>
<arg>${data_out_Unicode}</arg>
</arguments>
<assign>
<var>${data_out}</var>
</assign>
<kw name="Set Variable" library="BuiltIn">
<doc>Returns the given values which can then be assigned to a variables.</doc>
<arguments>
<arg>${data_out_Unicode}</arg>
</arguments>
<status status="PASS" starttime="20181228 10:31:17.043" endtime="20181228 10:31:17.043"></status>
</kw>
<msg timestamp="20181228 10:31:17.043" level="INFO">${data_out} = deviceToken=cb9012fd0302813461884e4a3fcc382886b73f6518c1dbe1f031a3901ee72eb4&amp;pwd=caa7ed4163a9ce8504fb19a3edbd4611&amp;timestamp=1545964277&amp;username=13829744541</msg>
<status status="PASS" starttime="20181228 10:31:17.042" endtime="20181228 10:31:17.043"></status>
</kw>
<kw name="Log" library="BuiltIn">
<doc>Logs the given message with the given level.</doc>
<arguments>
<arg>sorted_request_data End ......</arg>
</arguments>
<msg timestamp="20181228 10:31:17.044" level="INFO">sorted_request_data End ......</msg>
<status status="PASS" starttime="20181228 10:31:17.044" endtime="20181228 10:31:17.044"></status>
</kw>
<msg timestamp="20181228 10:31:17.045" level="INFO">${signparam} = deviceToken=cb9012fd0302813461884e4a3fcc382886b73f6518c1dbe1f031a3901ee72eb4&amp;pwd=caa7ed4163a9ce8504fb19a3edbd4611&amp;timestamp=1545964277&amp;username=13829744541</msg>
<timeout value="30 seconds"></timeout>
<status status="PASS" starttime="20181228 10:31:17.028" endtime="20181228 10:31:17.045"></status>
</kw>
<kw name="Set Variable" library="BuiltIn">
<doc>Returns the given values which can then be assigned to a variables.</doc>
<arguments>
<arg>${signparam}${appkey1}</arg>
</arguments>
<assign>
<var>${signkey1}</var>
</assign>
<msg timestamp="20181228 10:31:17.046" level="INFO">${signkey1} = deviceToken=cb9012fd0302813461884e4a3fcc382886b73f6518c1dbe1f031a3901ee72eb4&amp;pwd=caa7ed4163a9ce8504fb19a3edbd4611&amp;timestamp=1545964277&amp;username=13829744541fb1931e425f84313bfae4b93ab3ccdc4</msg>
<status status="PASS" starttime="20181228 10:31:17.045" endtime="20181228 10:31:17.046"></status>
</kw>
<kw name="Set Variable" library="BuiltIn">
<doc>Returns the given values which can then be assigned to a variables.</doc>
<arguments>
<arg>${signparam}${appkey2}</arg>
</arguments>
<assign>
<var>${signkey2}</var>
</assign>
<msg timestamp="20181228 10:31:17.047" level="INFO">${signkey2} = deviceToken=cb9012fd0302813461884e4a3fcc382886b73f6518c1dbe1f031a3901ee72eb4&amp;pwd=caa7ed4163a9ce8504fb19a3edbd4611&amp;timestamp=1545964277&amp;username=138297445411fd6e28fd158406995f77727b35bf20a</msg>
<status status="PASS" starttime="20181228 10:31:17.047" endtime="20181228 10:31:17.047"></status>
</kw>
<kw name="Encrypt" library="tools_library">
<doc>encrypt string, support md5, sha1, sha512, base64en, base64de present. md5 default 16bit.</doc>
<arguments>
<arg>${signkey1}</arg>
<arg>md5</arg>
<arg>32</arg>
</arguments>
<assign>
<var>${sign1}</var>
</assign>
<msg timestamp="20181228 10:31:17.048" level="INFO">${sign1} = 539e5e1381bbd4adc8be34cfe59eb776</msg>
<status status="PASS" starttime="20181228 10:31:17.048" endtime="20181228 10:31:17.048"></status>
</kw>
<kw name="Encrypt" library="tools_library">
<doc>encrypt string, support md5, sha1, sha512, base64en, base64de present. md5 default 16bit.</doc>
<arguments>
<arg>${signkey2}</arg>
<arg>md5</arg>
<arg>32</arg>
</arguments>
<assign>
<var>${sign2}</var>
</assign>
<msg timestamp="20181228 10:31:17.049" level="INFO">${sign2} = 3b825b7699a897573c8ea890c6479cc0</msg>
<status status="PASS" starttime="20181228 10:31:17.048" endtime="20181228 10:31:17.049"></status>
</kw>
<kw name="Run Keyword If" library="BuiltIn">
<doc>Runs the given keyword with the given arguments, if ``condition`` is true.</doc>
<arguments>
<arg>'${env}'!='Online'</arg>
<arg>set variable</arg>
<arg>${signTest}</arg>
<arg>ELSE</arg>
<arg>set variable</arg>
<arg>${signOnline}</arg>
</arguments>
<assign>
<var>${sign1}</var>
</assign>
<kw name="Set Variable" library="BuiltIn">
<doc>Returns the given values which can then be assigned to a variables.</doc>
<arguments>
<arg>${signTest}</arg>
</arguments>
<status status="PASS" starttime="20181228 10:31:17.050" endtime="20181228 10:31:17.050"></status>
</kw>
<msg timestamp="20181228 10:31:17.051" level="INFO">${sign1} = a9ff6970eb814e6894389ca8b12f3030</msg>
<status status="PASS" starttime="20181228 10:31:17.049" endtime="20181228 10:31:17.051"></status>
</kw>
<kw name="Convert To Uppercase" library="String">
<doc>Converts string to uppercase.</doc>
<arguments>
<arg>${sign1}</arg>
</arguments>
<assign>
<var>${_sign}</var>
</assign>
<msg timestamp="20181228 10:31:17.052" level="INFO">${_sign} = A9FF6970EB814E6894389CA8B12F3030</msg>
<status status="PASS" starttime="20181228 10:31:17.051" endtime="20181228 10:31:17.052"></status>
</kw>
<kw name="Log" library="BuiltIn">
<doc>Logs the given message with the given level.</doc>
<arguments>
<arg>通用签名：${_sign}</arg>
</arguments>
<msg timestamp="20181228 10:31:17.053" level="INFO">通用签名：A9FF6970EB814E6894389CA8B12F3030</msg>
<status status="PASS" starttime="20181228 10:31:17.052" endtime="20181228 10:31:17.053"></status>
</kw>
<kw name="Convert To Uppercase" library="String">
<doc>Converts string to uppercase.</doc>
<arguments>
<arg>${sign2}</arg>
</arguments>
<assign>
<var>${signature}</var>
</assign>
<msg timestamp="20181228 10:31:17.054" level="INFO">${signature} = 3B825B7699A897573C8EA890C6479CC0</msg>
<status status="PASS" starttime="20181228 10:31:17.053" endtime="20181228 10:31:17.054"></status>
</kw>
<kw name="Log" library="BuiltIn">
<doc>Logs the given message with the given level.</doc>
<arguments>
<arg>业务签名：${signature}</arg>
</arguments>
<msg timestamp="20181228 10:31:17.055" level="INFO">业务签名：3B825B7699A897573C8EA890C6479CC0</msg>
<status status="PASS" starttime="20181228 10:31:17.055" endtime="20181228 10:31:17.056"></status>
</kw>
<kw name="Replace String" library="String">
<doc>Replaces ``search_for`` in the given ``string`` with ``replace_with``.</doc>
<arguments>
<arg>${APPDEVINFO}</arg>
<arg>DeveiceId</arg>
<arg>AutoTest_Joyrun_${username}</arg>
</arguments>
<assign>
<var>${APPDEVINFO}</var>
</assign>
<msg timestamp="20181228 10:31:17.057" level="INFO">${APPDEVINFO} = iOS#4.4.1.AutoTest#iPhone 7X#11.2.Joyrun#AutoTest_Joyrun_13829744541#UserID#AppStore#E50BA530-7648-4F2F-BE00-4F9563FBCF6E</msg>
<status status="PASS" starttime="20181228 10:31:17.056" endtime="20181228 10:31:17.057"></status>
</kw>
<kw name="Replace String" library="String">
<doc>Replaces ``search_for`` in the given ``string`` with ``replace_with``.</doc>
<arguments>
<arg>${APPDEVINFO}</arg>
<arg>UserID</arg>
<arg>-1</arg>
</arguments>
<assign>
<var>${APPDEVINFO}</var>
</assign>
<msg timestamp="20181228 10:31:17.059" level="INFO">${APPDEVINFO} = iOS#4.4.1.AutoTest#iPhone 7X#11.2.Joyrun#AutoTest_Joyrun_13829744541#-1#AppStore#E50BA530-7648-4F2F-BE00-4F9563FBCF6E</msg>
<status status="PASS" starttime="20181228 10:31:17.057" endtime="20181228 10:31:17.059"></status>
</kw>
<kw name="Log" library="BuiltIn">
<doc>Logs the given message with the given level.</doc>
<arguments>
<arg>APPDEVINFO=${APPDEVINFO}</arg>
</arguments>
<msg timestamp="20181228 10:31:17.059" level="INFO">APPDEVINFO=iOS#4.4.1.AutoTest#iPhone 7X#11.2.Joyrun#AutoTest_Joyrun_13829744541#-1#AppStore#E50BA530-7648-4F2F-BE00-4F9563FBCF6E</msg>
<status status="PASS" starttime="20181228 10:31:17.059" endtime="20181228 10:31:17.060"></status>
</kw>
<kw name="Create Dictionary" library="BuiltIn">
<doc>Creates and returns a dictionary based on the given ``items``.</doc>
<arguments>
<arg>APPVERSION=${APPVERSION}</arg>
</arguments>
<assign>
<var>${header}</var>
</assign>
<msg timestamp="20181228 10:31:17.060" level="INFO">${header} = {'APPVERSION': '100.4.1.0'}</msg>
<status status="PASS" starttime="20181228 10:31:17.060" endtime="20181228 10:31:17.060"></status>
</kw>
<kw name="Set To Dictionary" library="Collections">
<doc>Adds the given ``key_value_pairs`` and ``items`` to the ``dictionary``.</doc>
<arguments>
<arg>${header}</arg>
<arg>User-Agent=${UserAgent}</arg>
</arguments>
<status status="PASS" starttime="20181228 10:31:17.061" endtime="20181228 10:31:17.061"></status>
</kw>
<kw name="Set To Dictionary" library="Collections">
<doc>Adds the given ``key_value_pairs`` and ``items`` to the ``dictionary``.</doc>
<arguments>
<arg>${header}</arg>
<arg>APP_DEV_INFO=${APPDEVINFO}</arg>
</arguments>
<status status="PASS" starttime="20181228 10:31:17.062" endtime="20181228 10:31:17.063"></status>
</kw>
<kw name="Set To Dictionary" library="Collections">
<doc>Adds the given ``key_value_pairs`` and ``items`` to the ``dictionary``.</doc>
<arguments>
<arg>${header}</arg>
<arg>Content-Type=application/x-www-form-urlencoded</arg>
</arguments>
<status status="PASS" starttime="20181228 10:31:17.063" endtime="20181228 10:31:17.064"></status>
</kw>
<kw name="Set To Dictionary" library="Collections">
<doc>Adds the given ``key_value_pairs`` and ``items`` to the ``dictionary``.</doc>
<arguments>
<arg>${header}</arg>
<arg>SYSVERSION=${SYSVERSION}</arg>
</arguments>
<status status="PASS" starttime="20181228 10:31:17.064" endtime="20181228 10:31:17.065"></status>
</kw>
<kw name="Set To Dictionary" library="Collections">
<doc>Adds the given ``key_value_pairs`` and ``items`` to the ``dictionary``.</doc>
<arguments>
<arg>${header}</arg>
<arg>_sign=${_sign}</arg>
</arguments>
<status status="PASS" starttime="20181228 10:31:17.065" endtime="20181228 10:31:17.066"></status>
</kw>
<kw name="Set To Dictionary" library="Collections">
<doc>Adds the given ``key_value_pairs`` and ``items`` to the ``dictionary``.</doc>
<arguments>
<arg>${header}</arg>
<arg>MODELTYPE=${MODELTYPE}</arg>
</arguments>
<status status="PASS" starttime="20181228 10:31:17.066" endtime="20181228 10:31:17.066"></status>
</kw>
<kw name="Log" library="BuiltIn">
<doc>Logs the given message with the given level.</doc>
<arguments>
<arg>登录前传参url=${Url}${loginUri}</arg>
</arguments>
<msg timestamp="20181228 10:31:17.067" level="INFO">登录前传参url=http://api-test.thejoyrun.com/user/login/normal</msg>
<status status="PASS" starttime="20181228 10:31:17.067" endtime="20181228 10:31:17.067"></status>
</kw>
<kw name="Log" library="BuiltIn">
<doc>Logs the given message with the given level.</doc>
<arguments>
<arg>登录前的heard=${header}</arg>
</arguments>
<msg timestamp="20181228 10:31:17.068" level="INFO">登录前的heard={'APPVERSION': '100.4.1.0', 'User-Agent': 'joyRunner/4.1.0 (iPhone; iOS 11.2.1; Scale/3.00)', 'APP_DEV_INFO': 'iOS#4.4.1.AutoTest#iPhone 7X#11.2.Joyrun#AutoTest_Joyrun_13829744541#-1#AppStore#E50BA530-7648-4F2F-BE00-4F9563FBCF6E', 'Content-Type': 'application/x-www-form-urlencoded', 'SYSVERSION': '11.2.1', '_sign': 'A9FF6970EB814E6894389CA8B12F3030', 'MODELTYPE': 'iPhone 7 Plus'}</msg>
<status status="PASS" starttime="20181228 10:31:17.068" endtime="20181228 10:31:17.068"></status>
</kw>
<kw name="Log" library="BuiltIn">
<doc>Logs the given message with the given level.</doc>
<arguments>
<arg>登录前的body=data=pwd=${pwdmd5}&amp;timestamp=${timestamp}&amp;username=${username}</arg>
</arguments>
<msg timestamp="20181228 10:31:17.069" level="INFO">登录前的body=data=pwd=caa7ed4163a9ce8504fb19a3edbd4611&amp;timestamp=1545964277&amp;username=13829744541</msg>
<status status="PASS" starttime="20181228 10:31:17.069" endtime="20181228 10:31:17.069"></status>
</kw>
<kw name="Set Variable" library="BuiltIn">
<doc>Returns the given values which can then be assigned to a variables.</doc>
<arguments>
<arg>deviceToken=${deviceToken}&amp;pwd=${pwdmd5}&amp;signature=${signature}&amp;timestamp=${timestamp}&amp;username=${username}</arg>
</arguments>
<assign>
<var>${data}</var>
</assign>
<msg timestamp="20181228 10:31:17.070" level="INFO">${data} = deviceToken=cb9012fd0302813461884e4a3fcc382886b73f6518c1dbe1f031a3901ee72eb4&amp;pwd=caa7ed4163a9ce8504fb19a3edbd4611&amp;signature=3B825B7699A897573C8EA890C6479CC0&amp;timestamp=1545964277&amp;username=13829744541</msg>
<status status="PASS" starttime="20181228 10:31:17.069" endtime="20181228 10:31:17.070"></status>
</kw>
<kw name="Create Session" library="RequestsLibrary">
<doc>Create Session: create a HTTP session to a server</doc>
<arguments>
<arg>joyrun</arg>
<arg>${Url}</arg>
<arg>headers=${header}</arg>
</arguments>
<msg timestamp="20181228 10:31:17.071" level="INFO">Creating Session using : alias=joyrun, url=http://api-test.thejoyrun.com, headers={'APPVERSION': '100.4.1.0', 'User-Agent': 'joyRunner/4.1.0 (iPhone; iOS 11.2.1; Scale/3.00)', 'APP_DEV_INFO': 'iOS#4.4.1.AutoTest#iPhone 7X#11.2.Joyrun#AutoTest_Joyrun_13829744541#-1#AppStore#E50BA530-7648-4F2F-BE00-4F9563FBCF6E', 'Content-Type': 'application/x-www-form-urlencoded', 'SYSVERSION': '11.2.1', '_sign': 'A9FF6970EB814E6894389CA8B12F3030', 'MODELTYPE': 'iPhone 7 Plus'},                     cookies=None, auth=None, timeout=None, proxies=None, verify=False,                     debug=0 </msg>
<status status="PASS" starttime="20181228 10:31:17.070" endtime="20181228 10:31:17.071"></status>
</kw>
<kw name="Post Request" library="RequestsLibrary">
<doc>Send a POST request on the session object found using the</doc>
<arguments>
<arg>joyrun</arg>
<arg>${loginUri}</arg>
<arg>data=${data}</arg>
</arguments>
<assign>
<var>${resplogin}</var>
</assign>
<msg timestamp="20181228 10:31:17.123" level="INFO">Post Request using : alias=joyrun, uri=/user/login/normal, data=&lt;empty&gt;, headers=None, files=None, allow_redirects=True </msg>
<msg timestamp="20181228 10:31:17.123" level="INFO">${resplogin} = &lt;Response [200]&gt;</msg>
<status status="PASS" starttime="20181228 10:31:17.071" endtime="20181228 10:31:17.123"></status>
</kw>
<kw name="Log" library="BuiltIn">
<doc>Logs the given message with the given level.</doc>
<arguments>
<arg>${resplogin.headers}</arg>
</arguments>
<msg timestamp="20181228 10:31:17.124" level="INFO">{'Server': 'openresty/1.13.6.1', 'Date': 'Fri, 28 Dec 2018 02:31:17 GMT', 'Content-Type': 'text/html;charset=UTF-8', 'Transfer-Encoding': 'chunked', 'Connection': 'keep-alive', 'Set-Cookie': 'ypcookie=uid%3D32518359%26sid%3D24f76a298a9a9a9aa282bb942f722bff; Domain=.thejoyrun.com; Expires=Sat, 28-Dec-2019 02:31:17 GMT; Path=/', 'Content-Encoding': 'gzip'}</msg>
<status status="PASS" starttime="20181228 10:31:17.123" endtime="20181228 10:31:17.125"></status>
</kw>
<kw name="Charconver" library="tools_library">
<doc>Converts the utf-8 content to unicode </doc>
<arguments>
<arg>${resplogin.content}</arg>
</arguments>
<assign>
<var>${login_content}</var>
</assign>
<msg timestamp="20181228 10:31:17.126" level="INFO">&lt;class 'bytes'&gt;
b'{"ret":"0","msg":"\xe6\x88\x90\xe5\x8a\x9f","data":{"sid":"24f76a298a9a9a9aa282bb942f722bff","cellinfo":{"cell":"13829744541"},"user":{"runnerlevel":"30","uid":"32518359","allsecond":"2807367","mail":"13829744541","birthday":"20100101","logtime":"1545957236","weight":"60","headerurl":"http://linked-runner.b0.upaiyun.com/linked-runner/u_32518359_header_20180810_182338_6807.jpg","userrunlevel":"A3","type":"1","allpo":"943","city":"\xe5\xb9\xbf\xe5\xb7\x9e","allcalorie":"375196615","regtime":"1513071514","height":"160","nick":"RunGO01","allmeter":"6037338","userrunlevelachievedtime":"1537763944","province":"\xe5\xb9\xbf\xe4\xb8\x9c","gender":"1","allzpo":"1332","faceurl":"http://linked-runner.b0.upaiyun.com/linked-runner/u_32518359_avatar_20180816_093409_6807.jpg","friendcount":"8"}}}'
&lt;class 'str'&gt;
{"ret":"0","msg":"成功","data":{"sid":"24f76a298a9a9a9aa282bb942f722bff","cellinfo":{"cell":"13829744541"},"user":{"runnerlevel":"30","uid":"32518359","allsecond":"2807367","mail":"13829744541","birthday":"20100101","logtime":"1545957236","weight":"60","headerurl":"http://linked-runner.b0.upaiyun.com/linked-runner/u_32518359_header_20180810_182338_6807.jpg","userrunlevel":"A3","type":"1","allpo":"943","city":"广州","allcalorie":"375196615","regtime":"1513071514","height":"160","nick":"RunGO01","allmeter":"6037338","userrunlevelachievedtime":"1537763944","province":"广东","gender":"1","allzpo":"1332","faceurl":"http://linked-runner.b0.upaiyun.com/linked-runner/u_32518359_avatar_20180816_093409_6807.jpg","friendcount":"8"}}}</msg>
<msg timestamp="20181228 10:31:17.127" level="INFO">${login_content} = {"ret":"0","msg":"成功","data":{"sid":"24f76a298a9a9a9aa282bb942f722bff","cellinfo":{"cell":"13829744541"},"user":{"runnerlevel":"30","uid":"32518359","allsecond":"2807367","mail":"13829744541","birthda...</msg>
<status status="PASS" starttime="20181228 10:31:17.125" endtime="20181228 10:31:17.127"></status>
</kw>
<kw name="Get Json Value" library="method_private_forPy3">
<arguments>
<arg>${login_content}</arg>
<arg>/ret</arg>
</arguments>
<assign>
<var>${login_ret}</var>
</assign>
<msg timestamp="20181228 10:31:17.128" level="INFO">The doc's type is &lt;class 'str'&gt;
The doc is {"ret":"0","msg":"成功","data":{"sid":"24f76a298a9a9a9aa282bb942f722bff","cellinfo":{"cell":"13829744541"},"user":{"runnerlevel":"30","uid":"32518359","allsecond":"2807367","mail":"13829744541","birthday":"20100101","logtime":"1545957236","weight":"60","headerurl":"http://linked-runner.b0.upaiyun.com/linked-runner/u_32518359_header_20180810_182338_6807.jpg","userrunlevel":"A3","type":"1","allpo":"943","city":"广州","allcalorie":"375196615","regtime":"1513071514","height":"160","nick":"RunGO01","allmeter":"6037338","userrunlevelachievedtime":"1537763944","province":"广东","gender":"1","allzpo":"1332","faceurl":"http://linked-runner.b0.upaiyun.com/linked-runner/u_32518359_avatar_20180816_093409_6807.jpg","friendcount":"8"}}}
The pointer' type is &lt;class 'str'&gt;
The pointer is /ret
The doc's type after change is &lt;class 'dict'&gt;
The data's type after filtering is &lt;class 'str'&gt;
The data's type after filtering is 0
Change Python's string to Robot's string
The pointer_in_doc is str and it's 0
The pointer_in_doc is str and it's "0"
The data's type after filtering and change is &lt;class 'str'&gt;
The data finally is "0"</msg>
<msg timestamp="20181228 10:31:17.128" level="INFO">${login_ret} = "0"</msg>
<status status="PASS" starttime="20181228 10:31:17.127" endtime="20181228 10:31:17.128"></status>
</kw>
<kw name="Replace String" library="String">
<doc>Replaces ``search_for`` in the given ``string`` with ``replace_with``.</doc>
<arguments>
<arg>${login_ret}</arg>
<arg>"</arg>
<arg>${EMPTY}</arg>
</arguments>
<assign>
<var>${login_ret}</var>
</assign>
<msg timestamp="20181228 10:31:17.132" level="INFO">${login_ret} = 0</msg>
<status status="PASS" starttime="20181228 10:31:17.129" endtime="20181228 10:31:17.132"></status>
</kw>
<kw name="Run Keyword If" library="BuiltIn">
<doc>Runs the given keyword with the given arguments, if ``condition`` is true.</doc>
<arguments>
<arg>${login_ret}!=0</arg>
<arg>Get Json Value</arg>
<arg>${login_content}</arg>
<arg>/msg</arg>
</arguments>
<assign>
<var>${login_error}</var>
</assign>
<msg timestamp="20181228 10:31:17.133" level="INFO">${login_error} = None</msg>
<status status="PASS" starttime="20181228 10:31:17.132" endtime="20181228 10:31:17.133"></status>
</kw>
<kw name="Run Keyword If" library="BuiltIn">
<doc>Runs the given keyword with the given arguments, if ``condition`` is true.</doc>
<arguments>
<arg>${login_ret}==0</arg>
<arg>Joyrun_LoginResult</arg>
<arg>${advert_URL}</arg>
<arg>${username}</arg>
<arg>${pwd}</arg>
<arg>${header}</arg>
<arg>${login_content}</arg>
<arg>${timestamp}</arg>
</arguments>
<assign>
<var>${heards_dict}</var>
</assign>
<kw name="Joyrun_LoginResult" library="http_request">
<doc>Joyrun loginResult</doc>
<arguments>
<arg>${advert_URL}</arg>
<arg>${username}</arg>
<arg>${pwd}</arg>
<arg>${header}</arg>
<arg>${login_content}</arg>
<arg>${timestamp}</arg>
</arguments>
<kw name="Log" library="BuiltIn">
<doc>Logs the given message with the given level.</doc>
<arguments>
<arg>-----------------Joyrun_LoginResult mothod is log start;--------------------------</arg>
</arguments>
<msg timestamp="20181228 10:31:17.136" level="INFO">-----------------Joyrun_LoginResult mothod is log start;--------------------------</msg>
<status status="PASS" starttime="20181228 10:31:17.135" endtime="20181228 10:31:17.136"></status>
</kw>
<kw name="Get Json Value" library="method_private_forPy3">
<arguments>
<arg>${login_content}</arg>
<arg>/data/user</arg>
</arguments>
<assign>
<var>${userdata}</var>
</assign>
<msg timestamp="20181228 10:31:17.137" level="INFO">The doc's type is &lt;class 'str'&gt;
The doc is {"ret":"0","msg":"成功","data":{"sid":"24f76a298a9a9a9aa282bb942f722bff","cellinfo":{"cell":"13829744541"},"user":{"runnerlevel":"30","uid":"32518359","allsecond":"2807367","mail":"13829744541","birthday":"20100101","logtime":"1545957236","weight":"60","headerurl":"http://linked-runner.b0.upaiyun.com/linked-runner/u_32518359_header_20180810_182338_6807.jpg","userrunlevel":"A3","type":"1","allpo":"943","city":"广州","allcalorie":"375196615","regtime":"1513071514","height":"160","nick":"RunGO01","allmeter":"6037338","userrunlevelachievedtime":"1537763944","province":"广东","gender":"1","allzpo":"1332","faceurl":"http://linked-runner.b0.upaiyun.com/linked-runner/u_32518359_avatar_20180816_093409_6807.jpg","friendcount":"8"}}}
The pointer' type is &lt;class 'str'&gt;
The pointer is /data/user
The doc's type after change is &lt;class 'dict'&gt;
The data's type after filtering is &lt;class 'dict'&gt;
The data's type after filtering is {'runnerlevel': '30', 'uid': '32518359', 'allsecond': '2807367', 'mail': '13829744541', 'birthday': '20100101', 'logtime': '1545957236', 'weight': '60', 'headerurl': 'http://linked-runner.b0.upaiyun.com/linked-runner/u_32518359_header_20180810_182338_6807.jpg', 'userrunlevel': 'A3', 'type': '1', 'allpo': '943', 'city': '广州', 'allcalorie': '375196615', 'regtime': '1513071514', 'height': '160', 'nick': 'RunGO01', 'allmeter': '6037338', 'userrunlevelachievedtime': '1537763944', 'province': '广东', 'gender': '1', 'allzpo': '1332', 'faceurl': 'http://linked-runner.b0.upaiyun.com/linked-runner/u_32518359_avatar_20180816_093409_6807.jpg', 'friendcount': '8'}
The data's type after filtering and change is &lt;class 'str'&gt;
The data finally is {"runnerlevel": "30", "uid": "32518359", "allsecond": "2807367", "mail": "13829744541", "birthday": "20100101", "logtime": "1545957236", "weight": "60", "headerurl": "http://linked-runner.b0.upaiyun.com/linked-runner/u_32518359_header_20180810_182338_6807.jpg", "userrunlevel": "A3", "type": "1", "allpo": "943", "city": "广州", "allcalorie": "375196615", "regtime": "1513071514", "height": "160", "nick": "RunGO01", "allmeter": "6037338", "userrunlevelachievedtime": "1537763944", "province": "广东", "gender": "1", "allzpo": "1332", "faceurl": "http://linked-runner.b0.upaiyun.com/linked-runner/u_32518359_avatar_20180816_093409_6807.jpg", "friendcount": "8"}</msg>
<msg timestamp="20181228 10:31:17.137" level="INFO">${userdata} = {"runnerlevel": "30", "uid": "32518359", "allsecond": "2807367", "mail": "13829744541", "birthday": "20100101", "logtime": "1545957236", "weight": "60", "headerurl": "http://linked-runner.b0.upaiyun.c...</msg>
<status status="PASS" starttime="20181228 10:31:17.136" endtime="20181228 10:31:17.137"></status>
</kw>
<kw name="Get Json Value" library="method_private_forPy3">
<arguments>
<arg>${login_content}</arg>
<arg>/data/sid</arg>
</arguments>
<assign>
<var>${sid}</var>
</assign>
<msg timestamp="20181228 10:31:17.139" level="INFO">The doc's type is &lt;class 'str'&gt;
The doc is {"ret":"0","msg":"成功","data":{"sid":"24f76a298a9a9a9aa282bb942f722bff","cellinfo":{"cell":"13829744541"},"user":{"runnerlevel":"30","uid":"32518359","allsecond":"2807367","mail":"13829744541","birthday":"20100101","logtime":"1545957236","weight":"60","headerurl":"http://linked-runner.b0.upaiyun.com/linked-runner/u_32518359_header_20180810_182338_6807.jpg","userrunlevel":"A3","type":"1","allpo":"943","city":"广州","allcalorie":"375196615","regtime":"1513071514","height":"160","nick":"RunGO01","allmeter":"6037338","userrunlevelachievedtime":"1537763944","province":"广东","gender":"1","allzpo":"1332","faceurl":"http://linked-runner.b0.upaiyun.com/linked-runner/u_32518359_avatar_20180816_093409_6807.jpg","friendcount":"8"}}}
The pointer' type is &lt;class 'str'&gt;
The pointer is /data/sid
The doc's type after change is &lt;class 'dict'&gt;
The data's type after filtering is &lt;class 'str'&gt;
The data's type after filtering is 24f76a298a9a9a9aa282bb942f722bff
Change Python's string to Robot's string
The pointer_in_doc is str and it's 24f76a298a9a9a9aa282bb942f722bff
The pointer_in_doc is str and it's "24f76a298a9a9a9aa282bb942f722bff"
The data's type after filtering and change is &lt;class 'str'&gt;
The data finally is "24f76a298a9a9a9aa282bb942f722bff"</msg>
<msg timestamp="20181228 10:31:17.139" level="INFO">${sid} = "24f76a298a9a9a9aa282bb942f722bff"</msg>
<status status="PASS" starttime="20181228 10:31:17.137" endtime="20181228 10:31:17.139"></status>
</kw>
<kw name="Get Json Value" library="method_private_forPy3">
<arguments>
<arg>${login_content}</arg>
<arg>/data/user/uid</arg>
</arguments>
<assign>
<var>${uid}</var>
</assign>
<msg timestamp="20181228 10:31:17.140" level="INFO">The doc's type is &lt;class 'str'&gt;
The doc is {"ret":"0","msg":"成功","data":{"sid":"24f76a298a9a9a9aa282bb942f722bff","cellinfo":{"cell":"13829744541"},"user":{"runnerlevel":"30","uid":"32518359","allsecond":"2807367","mail":"13829744541","birthday":"20100101","logtime":"1545957236","weight":"60","headerurl":"http://linked-runner.b0.upaiyun.com/linked-runner/u_32518359_header_20180810_182338_6807.jpg","userrunlevel":"A3","type":"1","allpo":"943","city":"广州","allcalorie":"375196615","regtime":"1513071514","height":"160","nick":"RunGO01","allmeter":"6037338","userrunlevelachievedtime":"1537763944","province":"广东","gender":"1","allzpo":"1332","faceurl":"http://linked-runner.b0.upaiyun.com/linked-runner/u_32518359_avatar_20180816_093409_6807.jpg","friendcount":"8"}}}
The pointer' type is &lt;class 'str'&gt;
The pointer is /data/user/uid
The doc's type after change is &lt;class 'dict'&gt;
The data's type after filtering is &lt;class 'str'&gt;
The data's type after filtering is 32518359
Change Python's string to Robot's string
The pointer_in_doc is str and it's 32518359
The pointer_in_doc is str and it's "32518359"
The data's type after filtering and change is &lt;class 'str'&gt;
The data finally is "32518359"</msg>
<msg timestamp="20181228 10:31:17.141" level="INFO">${uid} = "32518359"</msg>
<status status="PASS" starttime="20181228 10:31:17.139" endtime="20181228 10:31:17.141"></status>
</kw>
<kw name="Get Json Value" library="method_private_forPy3">
<arguments>
<arg>${login_content}</arg>
<arg>/data/user/nick</arg>
</arguments>
<assign>
<var>${nick}</var>
</assign>
<msg timestamp="20181228 10:31:17.142" level="INFO">The doc's type is &lt;class 'str'&gt;
The doc is {"ret":"0","msg":"成功","data":{"sid":"24f76a298a9a9a9aa282bb942f722bff","cellinfo":{"cell":"13829744541"},"user":{"runnerlevel":"30","uid":"32518359","allsecond":"2807367","mail":"13829744541","birthday":"20100101","logtime":"1545957236","weight":"60","headerurl":"http://linked-runner.b0.upaiyun.com/linked-runner/u_32518359_header_20180810_182338_6807.jpg","userrunlevel":"A3","type":"1","allpo":"943","city":"广州","allcalorie":"375196615","regtime":"1513071514","height":"160","nick":"RunGO01","allmeter":"6037338","userrunlevelachievedtime":"1537763944","province":"广东","gender":"1","allzpo":"1332","faceurl":"http://linked-runner.b0.upaiyun.com/linked-runner/u_32518359_avatar_20180816_093409_6807.jpg","friendcount":"8"}}}
The pointer' type is &lt;class 'str'&gt;
The pointer is /data/user/nick
The doc's type after change is &lt;class 'dict'&gt;
The data's type after filtering is &lt;class 'str'&gt;
The data's type after filtering is RunGO01
Change Python's string to Robot's string
The pointer_in_doc is str and it's RunGO01
The pointer_in_doc is str and it's "RunGO01"
The data's type after filtering and change is &lt;class 'str'&gt;
The data finally is "RunGO01"</msg>
<msg timestamp="20181228 10:31:17.142" level="INFO">${nick} = "RunGO01"</msg>
<status status="PASS" starttime="20181228 10:31:17.141" endtime="20181228 10:31:17.142"></status>
</kw>
<kw name="Set Variable" library="BuiltIn">
<doc>Returns the given values which can then be assigned to a variables.</doc>
<arguments>
<arg>uid=${uid}&amp;sid=${sid}</arg>
</arguments>
<assign>
<var>${ypcookie}</var>
</assign>
<msg timestamp="20181228 10:31:17.143" level="INFO">${ypcookie} = uid="32518359"&amp;sid="24f76a298a9a9a9aa282bb942f722bff"</msg>
<status status="PASS" starttime="20181228 10:31:17.142" endtime="20181228 10:31:17.143"></status>
</kw>
<kw name="Replace String" library="String">
<doc>Replaces ``search_for`` in the given ``string`` with ``replace_with``.</doc>
<arguments>
<arg>${ypcookie}</arg>
<arg>"</arg>
<arg>${EMPTY}</arg>
</arguments>
<assign>
<var>${ypcookie}</var>
</assign>
<msg timestamp="20181228 10:31:17.145" level="INFO">${ypcookie} = uid=32518359&amp;sid=24f76a298a9a9a9aa282bb942f722bff</msg>
<status status="PASS" starttime="20181228 10:31:17.144" endtime="20181228 10:31:17.145"></status>
</kw>
<kw name="Replace String" library="String">
<doc>Replaces ``search_for`` in the given ``string`` with ``replace_with``.</doc>
<arguments>
<arg>${sid}</arg>
<arg>"</arg>
<arg>${EMPTY}</arg>
</arguments>
<assign>
<var>${sid}</var>
</assign>
<msg timestamp="20181228 10:31:17.146" level="INFO">${sid} = 24f76a298a9a9a9aa282bb942f722bff</msg>
<status status="PASS" starttime="20181228 10:31:17.145" endtime="20181228 10:31:17.146"></status>
</kw>
<kw name="Replace String" library="String">
<doc>Replaces ``search_for`` in the given ``string`` with ``replace_with``.</doc>
<arguments>
<arg>${uid}</arg>
<arg>"</arg>
<arg>${EMPTY}</arg>
</arguments>
<assign>
<var>${uid}</var>
</assign>
<msg timestamp="20181228 10:31:17.147" level="INFO">${uid} = 32518359</msg>
<status status="PASS" starttime="20181228 10:31:17.146" endtime="20181228 10:31:17.147"></status>
</kw>
<kw name="Replace String" library="String">
<doc>Replaces ``search_for`` in the given ``string`` with ``replace_with``.</doc>
<arguments>
<arg>${nick}</arg>
<arg>"</arg>
<arg>${EMPTY}</arg>
</arguments>
<assign>
<var>${nick}</var>
</assign>
<msg timestamp="20181228 10:31:17.149" level="INFO">${nick} = RunGO01</msg>
<status status="PASS" starttime="20181228 10:31:17.148" endtime="20181228 10:31:17.149"></status>
</kw>
<kw name="Log" library="BuiltIn">
<doc>Logs the given message with the given level.</doc>
<arguments>
<arg>登录后用户基础信息为：nick==${nick}、uid==${uid}、sid==${sid}</arg>
</arguments>
<msg timestamp="20181228 10:31:17.151" level="INFO">登录后用户基础信息为：nick==RunGO01、uid==32518359、sid==24f76a298a9a9a9aa282bb942f722bff</msg>
<status status="PASS" starttime="20181228 10:31:17.150" endtime="20181228 10:31:17.151"></status>
</kw>
<kw name="Log" library="BuiltIn">
<doc>Logs the given message with the given level.</doc>
<arguments>
<arg>登录后的ypcookie==${ypcookie}</arg>
</arguments>
<msg timestamp="20181228 10:31:17.151" level="INFO">登录后的ypcookie==uid=32518359&amp;sid=24f76a298a9a9a9aa282bb942f722bff</msg>
<status status="PASS" starttime="20181228 10:31:17.151" endtime="20181228 10:31:17.151"></status>
</kw>
<kw name="Log" library="BuiltIn">
<doc>Logs the given message with the given level.</doc>
<arguments>
<arg>登录后用户userinfo信息为：</arg>
</arguments>
<msg timestamp="20181228 10:31:17.152" level="INFO">登录后用户userinfo信息为：</msg>
<status status="PASS" starttime="20181228 10:31:17.152" endtime="20181228 10:31:17.152"></status>
</kw>
<kw name="Log Json" library="method_private_forPy3">
<arguments>
<arg>${userdata}</arg>
</arguments>
<status status="PASS" starttime="20181228 10:31:17.152" endtime="20181228 10:31:17.153"></status>
</kw>
<kw name="Create Dictionary" library="BuiltIn">
<doc>Creates and returns a dictionary based on the given ``items``.</doc>
<assign>
<var>${heardic}</var>
</assign>
<msg timestamp="20181228 10:31:17.153" level="INFO">${heardic} = {}</msg>
<status status="PASS" starttime="20181228 10:31:17.153" endtime="20181228 10:31:17.153"></status>
</kw>
<kw name="Set To Dictionary" library="Collections">
<doc>Adds the given ``key_value_pairs`` and ``items`` to the ``dictionary``.</doc>
<arguments>
<arg>${heardic}</arg>
<arg>uid=${uid}</arg>
</arguments>
<status status="PASS" starttime="20181228 10:31:17.154" endtime="20181228 10:31:17.154"></status>
</kw>
<kw name="Set To Dictionary" library="Collections">
<doc>Adds the given ``key_value_pairs`` and ``items`` to the ``dictionary``.</doc>
<arguments>
<arg>${heardic}</arg>
<arg>sid=${sid}</arg>
</arguments>
<status status="PASS" starttime="20181228 10:31:17.155" endtime="20181228 10:31:17.155"></status>
</kw>
<kw name="Set To Dictionary" library="Collections">
<doc>Adds the given ``key_value_pairs`` and ``items`` to the ``dictionary``.</doc>
<arguments>
<arg>${heardic}</arg>
<arg>ypcookie=${ypcookie}</arg>
</arguments>
<status status="PASS" starttime="20181228 10:31:17.156" endtime="20181228 10:31:17.156"></status>
</kw>
<kw name="Set To Dictionary" library="Collections">
<doc>Adds the given ``key_value_pairs`` and ``items`` to the ``dictionary``.</doc>
<arguments>
<arg>${heardic}</arg>
<arg>timestamp=${timestamp}</arg>
</arguments>
<status status="PASS" starttime="20181228 10:31:17.156" endtime="20181228 10:31:17.157"></status>
</kw>
<kw name="Set To Dictionary" library="Collections">
<doc>Adds the given ``key_value_pairs`` and ``items`` to the ``dictionary``.</doc>
<arguments>
<arg>${heardic}</arg>
<arg>userinfo=${userdata}</arg>
</arguments>
<status status="PASS" starttime="20181228 10:31:17.157" endtime="20181228 10:31:17.158"></status>
</kw>
<kw name="Log Dictionary" library="Collections">
<doc>Logs the size and contents of the ``dictionary`` using given ``level``.</doc>
<arguments>
<arg>${heardic}</arg>
</arguments>
<msg timestamp="20181228 10:31:17.159" level="INFO">Dictionary size is 5 and it contains following items:
sid: 24f76a298a9a9a9aa282bb942f722bff
timestamp: 1545964277
uid: 32518359
userinfo: {"runnerlevel": "30", "uid": "32518359", "allsecond": "2807367", "mail": "13829744541", "birthday": "20100101", "logtime": "1545957236", "weight": "60", "headerurl": "http://linked-runner.b0.upaiyun.com/linked-runner/u_32518359_header_20180810_182338_6807.jpg", "userrunlevel": "A3", "type": "1", "allpo": "943", "city": "广州", "allcalorie": "375196615", "regtime": "1513071514", "height": "160", "nick": "RunGO01", "allmeter": "6037338", "userrunlevelachievedtime": "1537763944", "province": "广东", "gender": "1", "allzpo": "1332", "faceurl": "http://linked-runner.b0.upaiyun.com/linked-runner/u_32518359_avatar_20180816_093409_6807.jpg", "friendcount": "8"}
ypcookie: uid=32518359&amp;sid=24f76a298a9a9a9aa282bb942f722bff</msg>
<status status="PASS" starttime="20181228 10:31:17.158" endtime="20181228 10:31:17.159"></status>
</kw>
<kw name="Log" library="BuiltIn">
<doc>Logs the given message with the given level.</doc>
<arguments>
<arg>将登录成功的用户信息设置为全局变量</arg>
</arguments>
<msg timestamp="20181228 10:31:17.160" level="INFO">将登录成功的用户信息设置为全局变量</msg>
<status status="PASS" starttime="20181228 10:31:17.160" endtime="20181228 10:31:17.160"></status>
</kw>
<kw name="Run Keyword If" library="BuiltIn">
<doc>Runs the given keyword with the given arguments, if ``condition`` is true.</doc>
<arguments>
<arg>"${login_URL}"=="http://api-test.thejoyrun.com"</arg>
<arg>set variable</arg>
<arg>Test</arg>
<arg>ELSE</arg>
<arg>set variable</arg>
<arg>Online</arg>
</arguments>
<assign>
<var>${env}</var>
</assign>
<kw name="Set Variable" library="BuiltIn">
<doc>Returns the given values which can then be assigned to a variables.</doc>
<arguments>
<arg>Test</arg>
</arguments>
<status status="PASS" starttime="20181228 10:31:17.161" endtime="20181228 10:31:17.162"></status>
</kw>
<msg timestamp="20181228 10:31:17.162" level="INFO">${env} = Test</msg>
<status status="PASS" starttime="20181228 10:31:17.161" endtime="20181228 10:31:17.162"></status>
</kw>
<kw name="Set To Dictionary" library="Collections">
<doc>Adds the given ``key_value_pairs`` and ``items`` to the ``dictionary``.</doc>
<arguments>
<arg>${usersinfo_dict}</arg>
<arg>${env}${userName}=${heardic}</arg>
</arguments>
<status status="PASS" starttime="20181228 10:31:17.162" endtime="20181228 10:31:17.163"></status>
</kw>
<kw name="Set Global Variable" library="BuiltIn">
<doc>Makes a variable available globally in all tests and suites.</doc>
<arguments>
<arg>&amp;{usersinfo_dict}</arg>
<arg>&amp;{usersinfo_dict}</arg>
</arguments>
<msg timestamp="20181228 10:31:17.163" level="INFO">&amp;{usersinfo_dict} = { Test13829744541={'uid': '32518359', 'sid': '24f76a298a9a9a9aa282bb942f722bff', 'ypcookie': 'uid=32518359&amp;sid=24f76a298a9a9a9aa282bb942f722bff', 'timestamp': '1545964277', 'userinfo': '{"runnerlevel"...</msg>
<status status="PASS" starttime="20181228 10:31:17.163" endtime="20181228 10:31:17.164"></status>
</kw>
<kw name="Log Dictionary" library="Collections">
<doc>Logs the size and contents of the ``dictionary`` using given ``level``.</doc>
<arguments>
<arg>${usersinfo_dict}</arg>
</arguments>
<msg timestamp="20181228 10:31:17.164" level="INFO">Dictionary has one item:
Test13829744541: {'uid': '32518359', 'sid': '24f76a298a9a9a9aa282bb942f722bff', 'ypcookie': 'uid=32518359&amp;sid=24f76a298a9a9a9aa282bb942f722bff', 'timestamp': '1545964277', 'userinfo': '{"runnerlevel": "30", "uid": "32518359", "allsecond": "2807367", "mail": "13829744541", "birthday": "20100101", "logtime": "1545957236", "weight": "60", "headerurl": "http://linked-runner.b0.upaiyun.com/linked-runner/u_32518359_header_20180810_182338_6807.jpg", "userrunlevel": "A3", "type": "1", "allpo": "943", "city": "广州", "allcalorie": "375196615", "regtime": "1513071514", "height": "160", "nick": "RunGO01", "allmeter": "6037338", "userrunlevelachievedtime": "1537763944", "province": "广东", "gender": "1", "allzpo": "1332", "faceurl": "http://linked-runner.b0.upaiyun.com/linked-runner/u_32518359_avatar_20180816_093409_6807.jpg", "friendcount": "8"}'}</msg>
<status status="PASS" starttime="20181228 10:31:17.164" endtime="20181228 10:31:17.164"></status>
</kw>
<kw name="Joyrun_Add_deviceid" library="http_request">
<doc>Joyrun Add deveiceid</doc>
<arguments>
<arg>${uid}</arg>
<arg>${advert_URL}</arg>
<arg>${header}</arg>
<arg>${username}</arg>
</arguments>
<kw name="Log" library="BuiltIn">
<doc>Logs the given message with the given level.</doc>
<arguments>
<arg>-----------------Joyrun_Add_deviceid mothod is log start;--------------------------</arg>
</arguments>
<msg timestamp="20181228 10:31:17.166" level="INFO">-----------------Joyrun_Add_deviceid mothod is log start;--------------------------</msg>
<status status="PASS" starttime="20181228 10:31:17.165" endtime="20181228 10:31:17.166"></status>
</kw>
<kw name="Set Variable" library="BuiltIn">
<doc>Returns the given values which can then be assigned to a variables.</doc>
<arguments>
<arg>/notify-list</arg>
</arguments>
<assign>
<var>${Add_deveiceid_path}</var>
</assign>
<msg timestamp="20181228 10:31:17.167" level="INFO">${Add_deveiceid_path} = /notify-list</msg>
<status status="PASS" starttime="20181228 10:31:17.166" endtime="20181228 10:31:17.167"></status>
</kw>
<kw name="Set Variable" library="BuiltIn">
<doc>Returns the given values which can then be assigned to a variables.</doc>
<arguments>
<arg>${EMPTY}</arg>
</arguments>
<assign>
<var>${data}</var>
</assign>
<msg timestamp="20181228 10:31:17.168" level="INFO">${data} = </msg>
<status status="PASS" starttime="20181228 10:31:17.167" endtime="20181228 10:31:17.168"></status>
</kw>
<kw name="Log" library="BuiltIn">
<doc>Logs the given message with the given level.</doc>
<arguments>
<arg>${data}</arg>
</arguments>
<msg timestamp="20181228 10:31:17.168" level="INFO"></msg>
<status status="PASS" starttime="20181228 10:31:17.168" endtime="20181228 10:31:17.169"></status>
</kw>
<kw name="Replace String" library="String">
<doc>Replaces ``search_for`` in the given ``string`` with ``replace_with``.</doc>
<arguments>
<arg>${APPDEVINFO}</arg>
<arg>DeveiceId</arg>
<arg>AutoTest_Joyrun_${username}</arg>
</arguments>
<assign>
<var>${APPDEVINFO}</var>
</assign>
<msg timestamp="20181228 10:31:17.169" level="INFO">${APPDEVINFO} = iOS#4.4.1.AutoTest#iPhone 7X#11.2.Joyrun#AutoTest_Joyrun_13829744541#UserID#AppStore#E50BA530-7648-4F2F-BE00-4F9563FBCF6E</msg>
<status status="PASS" starttime="20181228 10:31:17.169" endtime="20181228 10:31:17.169"></status>
</kw>
<kw name="Replace String" library="String">
<doc>Replaces ``search_for`` in the given ``string`` with ``replace_with``.</doc>
<arguments>
<arg>${APPDEVINFO}</arg>
<arg>UserID</arg>
<arg>${uid}</arg>
</arguments>
<assign>
<var>${APPDEVINFO}</var>
</assign>
<msg timestamp="20181228 10:31:17.170" level="INFO">${APPDEVINFO} = iOS#4.4.1.AutoTest#iPhone 7X#11.2.Joyrun#AutoTest_Joyrun_13829744541#32518359#AppStore#E50BA530-7648-4F2F-BE00-4F9563FBCF6E</msg>
<status status="PASS" starttime="20181228 10:31:17.170" endtime="20181228 10:31:17.170"></status>
</kw>
<kw name="Set To Dictionary" library="Collections">
<doc>Adds the given ``key_value_pairs`` and ``items`` to the ``dictionary``.</doc>
<arguments>
<arg>${header}</arg>
<arg>APP_DEV_INFO=${APPDEVINFO}</arg>
</arguments>
<status status="PASS" starttime="20181228 10:31:17.171" endtime="20181228 10:31:17.172"></status>
</kw>
<kw name="Create Session" library="RequestsLibrary">
<doc>Create Session: create a HTTP session to a server</doc>
<arguments>
<arg>joyrun</arg>
<arg>${advert_URL}</arg>
<arg>headers=${header}</arg>
</arguments>
<msg timestamp="20181228 10:31:17.172" level="INFO">Creating Session using : alias=joyrun, url=http://advert-test.api.thejoyrun.com, headers={'APPVERSION': '100.4.1.0', 'User-Agent': 'joyRunner/4.1.0 (iPhone; iOS 11.2.1; Scale/3.00)', 'APP_DEV_INFO': 'iOS#4.4.1.AutoTest#iPhone 7X#11.2.Joyrun#AutoTest_Joyrun_13829744541#32518359#AppStore#E50BA530-7648-4F2F-BE00-4F9563FBCF6E', 'Content-Type': 'application/x-www-form-urlencoded', 'SYSVERSION': '11.2.1', '_sign': 'A9FF6970EB814E6894389CA8B12F3030', 'MODELTYPE': 'iPhone 7 Plus'},                     cookies=None, auth=None, timeout=None, proxies=None, verify=False,                     debug=0 </msg>
<status status="PASS" starttime="20181228 10:31:17.172" endtime="20181228 10:31:17.173"></status>
</kw>
<kw name="Post Request" library="RequestsLibrary">
<doc>Send a POST request on the session object found using the</doc>
<arguments>
<arg>joyrun</arg>
<arg>${Add_deveiceid_path}</arg>
<arg>data=${data}</arg>
</arguments>
<assign>
<var>${respaddeveiceid}</var>
</assign>
<msg timestamp="20181228 10:31:17.243" level="INFO">Post Request using : alias=joyrun, uri=/notify-list, data=&lt;empty&gt;, headers=None, files=None, allow_redirects=True </msg>
<msg timestamp="20181228 10:31:17.244" level="INFO">${respaddeveiceid} = &lt;Response [200]&gt;</msg>
<status status="PASS" starttime="20181228 10:31:17.173" endtime="20181228 10:31:17.244"></status>
</kw>
<kw name="Charconver" library="tools_library">
<doc>Converts the utf-8 content to unicode </doc>
<arguments>
<arg>${respaddeveiceid.content}</arg>
</arguments>
<assign>
<var>${Add_deviceid_content}</var>
</assign>
<msg timestamp="20181228 10:31:17.245" level="INFO">&lt;class 'bytes'&gt;
b'{"ret":"0","data":[{"ntf_param":"","ntf_id":"1010","ntf_name":"\xe7\xba\xbf\xe4\xb8\x8a\xe9\xa9\xac\xe6\x8b\x89\xe6\x9d\xbe-new","ntf_endtime":"4100256000","ntf_starttime":"1479789600"},{"ntf_param":"","ntf_id":"1030","ntf_name":"\xe5\x8b\x8b\xe7\xab\xa0-new","ntf_endtime":"1596221999","ntf_starttime":"1472701766"},{"ntf_param":"","ntf_id":"1040","ntf_name":"\xe6\xb0\xb4\xe5\x8d\xb0\xe7\x9b\xb8\xe6\x9c\xba - new","ntf_endtime":"4102329600","ntf_starttime":"1477274400"},{"ntf_param":"","ntf_id":"1050","ntf_name":"\xe8\xaf\xad\xe9\x9f\xb3\xe5\x8c\x85 - new","ntf_endtime":"4102329600","ntf_starttime":"1458270762"},{"ntf_param":"","ntf_id":"1060","ntf_name":"\xe6\x8c\x91\xe6\x88\x98\xe6\xb4\xbb\xe5\x8a\xa8 - new","ntf_endtime":"4102329600","ntf_starttime":"1462068000"},{"ntf_param":"{ \\"banner_url\\": \\"https://gw.alicdn.com/tps/TB1BQshKVXXXXc5XpXXXXXXXXXX-1024-708.png \\", \\"banner_link\\":\\"\\", \\"datas\\": [ { \\"name\\": \\"\xe7\xb3\xbb\xe7\xbb\x9f\xe9\x9f\xb3\xe4\xb9\x90\\", \\"type\\": \\"1\\", \\"link\\": \\"\\", \\"uri\\": \\"\\", \\"package_name\\": \\"\\" } ] }","ntf_id":"1080","ntf_name":"\xe8\xb7\x91\xe6\xad\xa5\xe9\x9f\xb3\xe4\xb9\x90-new","ntf_endtime":"2255244419","ntf_starttime":"1480560711"},{"ntf_param":"{\\r\\n    \\"android_version_name\\": \\"2.4.1\\",\\r\\n    \\"android_version_code\\": 2410,\\r\\n    \\"target_android_version_code\\": 1000,\\r\\n    \\"android_update_log\\": \\"\xe3\x80\x8c\xe5\x85\xa8\xe6\x96\xb0\xe6\x82\xa6\xe8\xb7\x91\xe8\xaf\xb4\xe3\x80\x8d\xe8\xb6\xa3\xe5\x91\xb3\xe8\xaf\x9d\xe9\xa2\x98\xef\xbc\x8c\xe4\xb8\x93\xe4\xb8\x9a\xe6\x96\x87\xe7\xab\xa0\xef\xbc\x8c\xe7\x83\xad\xe9\x97\xa8\xe5\x8a\xa8\xe6\x80\x81\xef\xbc\x8c\xe5\x88\x86\xe4\xba\xab\xe4\xba\x92\xe5\x8a\xa8\xe4\xb9\x90\xe4\xb8\x8d\xe5\x81\x9c\xe3\x80\x82\\\\n\xe3\x80\x8c\xe7\xba\xbf\xe4\xb8\x8a\xe9\xa9\xac\xe6\x8b\x89\xe6\x9d\xbe\xe3\x80\x8d\xe7\xba\xaa\xe5\xbf\xb5\xe5\x93\x81\xe5\xa5\x97\xe9\xa4\x90\xe5\x85\x89\xe8\x8d\xa3\xe5\xa4\x8d\xe5\x87\xba\xef\xbc\x8c\xe8\xb4\xad\xe4\xb9\xb0\xe5\xa5\x97\xe9\xa4\x90\xe8\xb5\xa0\xe9\x80\x81\xe5\x88\xbb\xe5\xad\x97\xe5\x93\x9f\xef\xbc\x81\\",\\r\\n    \\"android_min_support_version_code\\": 0,\\r\\n    \\"android_download_url\\": \\"\\",\\r\\n    \\"ios_version\\": \\"1.6.7\\",\\r\\n    \\"ios_update_log\\": \\"\\",\\r\\n    \\"ios_min_support_version\\": \\"1.6.0\\",\\r\\n    \\"ios_download_url\\": \\"\\"\\r\\n}","ntf_id":"3001","ntf_name":"\xe7\x89\x88\xe6\x9c\xac\xe6\x9b\xb4\xe6\x96\xb0","ntf_endtime":"1592824066","ntf_starttime":"1464779259"},{"ntf_param":"{\\"brandName\\":\\"\xe9\x98\xbf\xe8\xbf\xaa\xe4\xbc\x9a\xe5\x91\x98\\",\\"lastTime\\":1510070400}","ntf_id":"9000","ntf_name":"\xe5\x93\x81\xe7\x89\x8c\xe4\xbc\x9a\xe5\x91\x98-new","ntf_endtime":"4102329600","ntf_starttime":"1505211525"},{"ntf_param":"{\\"hide\\":\\"0\\"}","ntf_id":"10000","ntf_name":"\xe7\xba\xa6\xe5\xae\x9a\xe8\xb7\x91\xe9\x85\x8d\xe7\xbd\xae","ntf_endtime":"1888109512","ntf_starttime":"1411786304"},{"ntf_param":"[{\\"keyword\\":\\"\xe4\xbf\xa1\xe7\x94\xa8\xe5\x8d\xa1\\",\\"url\\":\\"https://www.thejoyrun.com\\"},{\\"keyword\\":\\"\xe5\x9c\xa3\xe8\xaf\x9e\xe8\x8a\x82\\",\\"url\\":\\"http://www.baidu.com\\"},\\r\\n{\\"keyword\\":\\"\xe5\xb9\xbf\xe5\xb7\x9e\xe9\xa9\xac\xe6\x8b\x89\xe6\x9d\xbe\\",\\"url\\":\\"http://www.baidu.com\\"},{\\"keyword\\":\\"\xe9\xa9\xac\xe6\x8b\x89\xe6\x9d\xbe\\",\\"url\\":\\"http://wap.test.thejoyrun.com/live?raceId=5&amp;uid=5337143&amp;joyrun_extra=joyrun://www.thejoyrun.com/live?raceId=5&amp;uid=5337143\\"}]","ntf_id":"12000","ntf_name":"\xe6\x90\x9c\xe7\xb4\xa2\xe5\xbd\xa9\xe8\x9b\x8b","ntf_endtime":"1546238360","ntf_starttime":"1508049157"},{"ntf_param":"{ \\"wallet_withdraw\\": { \\"appid\\": \\"wx09f5d6ee3533fb71\\", \\"secret\\": \\"17070e9ce5aae90f784a9311060316b9\\" } }","ntf_id":"13000","ntf_name":"\xe5\xbe\xae\xe4\xbf\xa1appid","ntf_endtime":"4102329600","ntf_starttime":"1541433600"},{"ntf_param":"{\\r\\n    \\"openPedometerOptimize\\": 1,\\r\\n    \\"limitAccountUseSuperDev\\": \\"\\",\\r\\n    \\"alternateAppIcons\\": [{\\r\\n        \\"endTime\\": 1520006399,\\r\\n        \\"iconName\\": \\"AlternateAppIcon_LunarNewYear_2018\\",\\r\\n        \\"startTime\\": 1516982400\\r\\n    }],\\r\\n    \\"hotFeedAdPositionInterval\\": 6,\\r\\n    \\"hot_fix_version\\": \\"3.2.0.7\\",\\r\\n    \\"hotfixs\\": [{\\r\\n            \\"app_version\\": \\"3.2.0\\",\\r\\n            \\"hot_fix_version\\": \\"3.2.0.1\\"\\r\\n        },\\r\\n        {\\r\\n            \\"app_version\\": \\"3.2.1\\",\\r\\n            \\"hot_fix_version\\": \\"3.2.1.1\\"\\r\\n        }\\r\\n    ],\\r\\n    \\"jiepai\\": 1,\\r\\n    \\"limitRegisterCount\\": 3,\\r\\n    \\"longestTimeForRunning\\": 259200,\\r\\n    \\"marathon_count\\": 10,\\r\\n    \\"more_cmb\\": {\\r\\n        \\"title\\": \\"\xe6\x82\xa6\xe8\xb7\x91\xe6\x8b\x9b\xe8\xa1\x8c\xe4\xbf\xa1\xe7\x94\xa8\xe5\x8d\xa1\\",\\r\\n        \\"url\\": \\"https://url.thejoyrun.com/asw5fgg\\"\\r\\n    },\\r\\n    \\"paodong\\": 1,\\r\\n    \\"runAudioTiming\\": {\\r\\n        \\"lunarNewYearEnd\\": 1519142400,\\r\\n        \\"lunarNewYearStart\\": 1518710400,\\r\\n        \\"yuanxiaoEnd\\": 1520006399,\\r\\n        \\"yuanxiaoStart\\": 1519920000\\r\\n    },\\r\\n    \\"showCorosWatch2\\": 1,\\r\\n    \\"showCorosWatch3\\": 1,\\r\\n    \\"showEzonWatch\\": 1,\\r\\n    \\"showGarminWatch\\": 1,\\r\\n    \\"showSuuntoAutoSync\\": 1,\\r\\n    \\"showWeloopWatch\\": 1,\\r\\n    \\"sssss\\": [{\\r\\n            \\"delay\\": 5,\\r\\n            \\"url\\": \\"http://baidu.com\\"\\r\\n        },\\r\\n        {\\r\\n            \\"delay\\": 5,\\r\\n            \\"url\\": \\"http://thejoyrun.com\\"\\r\\n        },\\r\\n        {\\r\\n            \\"delay\\": 5,\\r\\n            \\"url\\": \\"http://baidu.com\\"\\r\\n        }\\r\\n    ],\\r\\n    \\"track_open_city\\": \\"020,0755,010\\",\\r\\n    \\"unUseAboutReactNative\\": 0,\\r\\n    \\"urlRewriteRules\\": \\"http://http,http\\",\\r\\n    \\"user_point_index_url\\": \\"https://u-test.thejoyrun.com/point/\\",\\r\\n    \\"useralbum\\": 1,\\r\\n    \\"weather_click_url\\": \\"https://webevent-test.thejoyrun.com/activity/weather/\\",\\r\\n    \\"isUnionPayEnabled\\": true,\\r\\n    \\"square_order\\": [\\"store\\",\\"bet_run\\",\\"article\\",\\"challenge\\",\\"online_marathon\\",\\"topic\\",\\"race\\",\\"crew\\",\\"running_ground\\",\\"ai_train\\",\\"train\\",\\"brand\\"]\\r\\n}","ntf_id":"666666","ntf_name":"\xe5\x9c\xa8\xe7\xba\xbf\xe5\x8f\x82\xe6\x95\xb0","ntf_endtime":"4102329600","ntf_starttime":"1443628800"}]}'
&lt;class 'str'&gt;
[...]
<msg timestamp="20181228 10:31:17.284" level="INFO">参数编码前：{'lat': '39.9', 'lng': '116.4'}</msg>
<status status="PASS" starttime="20181228 10:31:17.283" endtime="20181228 10:31:17.284"></status>
</kw>
<kw name="Evaluate" library="BuiltIn">
<doc>Evaluates the given expression in Python and returns the results.</doc>
<arguments>
<arg>urllib.parse.urlencode(${post_dict})</arg>
<arg>urllib</arg>
</arguments>
<assign>
<var>${post_param}</var>
</assign>
<msg timestamp="20181228 10:31:17.285" level="INFO">${post_param} = lat=39.9&amp;lng=116.4</msg>
<status status="PASS" starttime="20181228 10:31:17.284" endtime="20181228 10:31:17.285"></status>
</kw>
<kw name="Log" library="BuiltIn">
<doc>Logs the given message with the given level.</doc>
<arguments>
<arg>参数编码后：${post_param}</arg>
</arguments>
<msg timestamp="20181228 10:31:17.286" level="INFO">参数编码后：lat=39.9&amp;lng=116.4</msg>
<status status="PASS" starttime="20181228 10:31:17.285" endtime="20181228 10:31:17.286"></status>
</kw>
<kw name="Create Session" library="RequestsLibrary">
<doc>Create Session: create a HTTP session to a server</doc>
<arguments>
<arg>run</arg>
<arg>${URL}</arg>
<arg>headers=${heards_dict}</arg>
<arg>cookies=${cookies}</arg>
</arguments>
<msg timestamp="20181228 10:31:17.287" level="INFO">Creating Session using : alias=run, url=http://webevent-test.thejoyrun.com, headers={'ypcookie': 'uid=32518359&amp;sid=24f76a298a9a9a9aa282bb942f722bff', 'APPVERSION': '100.4.1.0', 'Content-Type': 'application/x-www-form-urlencoded;charset=UTF-8', 'User-Agent': 'joyRunner/4.1.0 (iPhone; iOS 11.2.1; Scale/3.00)', 'APP_DEV_INFO': 'iOS#4.4.1.AutoTest#iPhone 7X#11.2.Joyrun#AutoTest_Joyrun_13829744541#32518359#AppStore#E50BA530-7648-4F2F-BE00-4F9563FBCF6E', 'SYSVERSION': '11.2.1', 'MODELTYPE': 'iPhone 7 Plus'},                     cookies={'ypcookie': 'uid%3D32518359%26sid%3D24f76a298a9a9a9aa282bb942f722bff', 'app_version': '100.4.1.0'}, auth=None, timeout=None, proxies=None, verify=False,                     debug=0 </msg>
<status status="PASS" starttime="20181228 10:31:17.286" endtime="20181228 10:31:17.287"></status>
</kw>
<kw name="Get Request" library="RequestsLibrary">
<doc>Send a GET request on the session object found using the</doc>
<arguments>
<arg>run</arg>
<arg>uri=${path}</arg>
<arg>params=${post_param}</arg>
</arguments>
<assign>
<var>${resp}</var>
</assign>
<msg timestamp="20181228 10:31:18.249" level="INFO">Get Request using : alias=run, uri=/weather/forecast, headers=None json=None</msg>
<msg timestamp="20181228 10:31:18.249" level="INFO">${resp} = &lt;Response [200]&gt;</msg>
<status status="PASS" starttime="20181228 10:31:17.287" endtime="20181228 10:31:18.249"></status>
</kw>
<kw name="To Str" library="method_private_forPy3">
<arguments>
<arg>${resp.content}</arg>
</arguments>
<assign>
<var>${Temporary}</var>
</assign>
<msg timestamp="20181228 10:31:18.250" level="INFO">&lt;class 'bytes'&gt;
b'{ "errmsg" : "", "servertime" : 1545964279, "status" : "success", "result" : { "n1h" : { "39.90_116.40" : [{ "TEM" : "-6", "RHU" : "28", "WEATHER" : "00", "WINS" : "02", "WIND" : "06", "reftime" : "201812281000" }, { "TEM" : "-5", "RHU" : "27", "WEATHER" : "00", "WINS" : "01", "WIND" : "06", "reftime" : "201812281100" }, { "TEM" : "-4", "RHU" : "26", "WEATHER" : "00", "WINS" : "01", "WIND" : "06", "reftime" : "201812281200" }, { "TEM" : "-4", "RHU" : "26", "WEATHER" : "00", "WINS" : "01", "WIND" : "06", "reftime" : "201812281300" }, { "TEM" : "-3", "RHU" : "25", "WEATHER" : "00", "WINS" : "01", "WIND" : "06", "reftime" : "201812281400" }, { "TEM" : "-3", "RHU" : "25", "WEATHER" : "00", "WINS" : "01", "WIND" : "06", "reftime" : "201812281500" }, { "TEM" : "-3", "RHU" : "26", "WEATHER" : "00", "WINS" : "00", "WIND" : "07", "reftime" : "201812281600" }, { "TEM" : "-4", "RHU" : "26", "WEATHER" : "00", "WINS" : "00", "WIND" : "07", "reftime" : "201812281700" }, { "TEM" : "-4", "RHU" : "29", "WEATHER" : "00", "WINS" : "00", "WIND" : "07", "reftime" : "201812281800" }, { "TEM" : "-5", "RHU" : "31", "WEATHER" : "00", "WINS" : "00", "WIND" : "07", "reftime" : "201812281900" }, { "TEM" : "-5", "RHU" : "34", "WEATHER" : "00", "WINS" : "00", "WIND" : "07", "reftime" : "201812282000" }, { "TEM" : "-6", "RHU" : "34", "WEATHER" : "00", "WINS" : "00", "WIND" : "07", "reftime" : "201812282100" }, { "TEM" : "-7", "RHU" : "35", "WEATHER" : "00", "WINS" : "00", "WIND" : "06", "reftime" : "201812282200" }, { "TEM" : "-7", "RHU" : "35", "WEATHER" : "00", "WINS" : "00", "WIND" : "06", "reftime" : "201812282300" }, { "TEM" : "-8", "RHU" : "35", "WEATHER" : "00", "WINS" : "00", "WIND" : "06", "reftime" : "201812290000" }, { "TEM" : "-8", "RHU" : "36", "WEATHER" : "00", "WINS" : "00", "WIND" : "06", "reftime" : "201812290100" }, { "TEM" : "-8", "RHU" : "36", "WEATHER" : "00", "WINS" : "00", "WIND" : "06", "reftime" : "201812290200" }, { "TEM" : "-9", "RHU" : "36", "WEATHER" : "00", "WINS" : "00", "WIND" : "06", "reftime" : "201812290300" }, { "TEM" : "-9", "RHU" : "36", "WEATHER" : "00", "WINS" : "00", "WIND" : "08", "reftime" : "201812290400" }, { "TEM" : "-10", "RHU" : "36", "WEATHER" : "00", "WINS" : "00", "WIND" : "08", "reftime" : "201812290500" }, { "TEM" : "-10", "RHU" : "34", "WEATHER" : "00", "WINS" : "00", "WIND" : "08", "reftime" : "201812290600" }, { "TEM" : "-10", "RHU" : "32", "WEATHER" : "00", "WINS" : "00", "WIND" : "08", "reftime" : "201812290700" }, { "TEM" : "-10", "RHU" : "30", "WEATHER" : "00", "WINS" : "00", "WIND" : "08", "reftime" : "201812290800" }, { "TEM" : "-8", "RHU" : "26", "WEATHER" : "00", "WINS" : "02", "WIND" : "08", "reftime" : "201812290900" }] } } }'</msg>
<msg timestamp="20181228 10:31:18.250" level="INFO">${Temporary} = { "errmsg" : "", "servertime" : 1545964279, "status" : "success", "result" : { "n1h" : { "39.90_116.40" : [{ "TEM" : "-6", "RHU" : "28", "WEATHER" : "00", "WINS" : "02", "WIND" : "06", "reftime" : "20...</msg>
<status status="PASS" starttime="20181228 10:31:18.249" endtime="20181228 10:31:18.250"></status>
</kw>
<kw name="Get Count" library="BuiltIn">
<doc>Returns and logs how many times ``item2`` is found from ``item1``.</doc>
<arguments>
<arg>${Temporary}</arg>
<arg>ret\":"401"</arg>
</arguments>
<assign>
<var>${get_count}</var>
</assign>
<msg timestamp="20181228 10:31:18.251" level="INFO">Item found from the first item 0 times</msg>
<msg timestamp="20181228 10:31:18.251" level="INFO">${get_count} = 0</msg>
<status status="PASS" starttime="20181228 10:31:18.250" endtime="20181228 10:31:18.251"></status>
</kw>
<kw name="Run Keyword If" library="BuiltIn">
<doc>Runs the given keyword with the given arguments, if ``condition`` is true.</doc>
<arguments>
<arg>${get_count}==1</arg>
<arg>log</arg>
<arg>${userName}的SID过期而登录失败</arg>
</arguments>
<status status="PASS" starttime="20181228 10:31:18.251" endtime="20181228 10:31:18.251"></status>
</kw>
<kw name="Run Keyword If" library="BuiltIn">
<doc>Runs the given keyword with the given arguments, if ``condition`` is true.</doc>
<arguments>
<arg>${get_count}==1</arg>
<arg>Pop From Dictionary</arg>
<arg>${usersinfo_dict}</arg>
<arg>${env}${userName}</arg>
</arguments>
<status status="PASS" starttime="20181228 10:31:18.251" endtime="20181228 10:31:18.251"></status>
</kw>
<kw name="Run Keyword If" library="BuiltIn">
<doc>Runs the given keyword with the given arguments, if ``condition`` is true.</doc>
<arguments>
<arg>${get_count}==1</arg>
<arg>Evaluate</arg>
<arg>${Retry}-1</arg>
<arg>ELSE</arg>
<arg>Set Variable</arg>
<arg>${-1}</arg>
</arguments>
<assign>
<var>${Retry}</var>
</assign>
<kw name="Set Variable" library="BuiltIn">
<doc>Returns the given values which can then be assigned to a variables.</doc>
<arguments>
<arg>${-1}</arg>
</arguments>
<status status="PASS" starttime="20181228 10:31:18.252" endtime="20181228 10:31:18.252"></status>
</kw>
<msg timestamp="20181228 10:31:18.252" level="INFO">${Retry} = -1</msg>
<status status="PASS" starttime="20181228 10:31:18.252" endtime="20181228 10:31:18.252"></status>
</kw>
<kw name="Run Keyword If" library="BuiltIn">
<doc>Runs the given keyword with the given arguments, if ``condition`` is true.</doc>
<arguments>
<arg>${get_count}==1 and ${Retry}&gt;=0</arg>
<arg>thejoyrun_get_nosign</arg>
<arg>${path}</arg>
<arg>${maps}</arg>
<arg>${userName}</arg>
<arg>${Base_URL}</arg>
<arg>${pwds}</arg>
<arg>${Retry}</arg>
<arg>ELSE</arg>
<arg>set variable</arg>
<arg>${resp}</arg>
</arguments>
<assign>
<var>${resp}</var>
</assign>
<kw name="Set Variable" library="BuiltIn">
<doc>Returns the given values which can then be assigned to a variables.</doc>
<arguments>
<arg>${resp}</arg>
</arguments>
<status status="PASS" starttime="20181228 10:31:18.253" endtime="20181228 10:31:18.253"></status>
</kw>
<msg timestamp="20181228 10:31:18.253" level="INFO">${resp} = &lt;Response [200]&gt;</msg>
<status status="PASS" starttime="20181228 10:31:18.253" endtime="20181228 10:31:18.254"></status>
</kw>
<kw name="Return From Keyword If" library="BuiltIn">
<doc>Returns from the enclosing user keyword if ``condition`` is true.</doc>
<arguments>
<arg>${get_count}==0</arg>
<arg>${resp}</arg>
</arguments>
<msg timestamp="20181228 10:31:18.254" level="INFO">Returning from the enclosing user keyword.</msg>
<status status="PASS" starttime="20181228 10:31:18.254" endtime="20181228 10:31:18.254"></status>
</kw>
<msg timestamp="20181228 10:31:18.254" level="INFO">${resp} = &lt;Response [200]&gt;</msg>
<timeout value="30 seconds"></timeout>
<status status="PASS" starttime="20181228 10:31:16.917" endtime="20181228 10:31:18.254"></status>
</kw>
<kw name="Charconver" library="tools_library">
<doc>Converts the utf-8 content to unicode </doc>
<arguments>
<arg>${resp.content}</arg>
</arguments>
<assign>
<var>${content}</var>
</assign>
<msg timestamp="20181228 10:31:18.255" level="INFO">&lt;class 'bytes'&gt;
b'{ "errmsg" : "", "servertime" : 1545964279, "status" : "success", "result" : { "n1h" : { "39.90_116.40" : [{ "TEM" : "-6", "RHU" : "28", "WEATHER" : "00", "WINS" : "02", "WIND" : "06", "reftime" : "201812281000" }, { "TEM" : "-5", "RHU" : "27", "WEATHER" : "00", "WINS" : "01", "WIND" : "06", "reftime" : "201812281100" }, { "TEM" : "-4", "RHU" : "26", "WEATHER" : "00", "WINS" : "01", "WIND" : "06", "reftime" : "201812281200" }, { "TEM" : "-4", "RHU" : "26", "WEATHER" : "00", "WINS" : "01", "WIND" : "06", "reftime" : "201812281300" }, { "TEM" : "-3", "RHU" : "25", "WEATHER" : "00", "WINS" : "01", "WIND" : "06", "reftime" : "201812281400" }, { "TEM" : "-3", "RHU" : "25", "WEATHER" : "00", "WINS" : "01", "WIND" : "06", "reftime" : "201812281500" }, { "TEM" : "-3", "RHU" : "26", "WEATHER" : "00", "WINS" : "00", "WIND" : "07", "reftime" : "201812281600" }, { "TEM" : "-4", "RHU" : "26", "WEATHER" : "00", "WINS" : "00", "WIND" : "07", "reftime" : "201812281700" }, { "TEM" : "-4", "RHU" : "29", "WEATHER" : "00", "WINS" : "00", "WIND" : "07", "reftime" : "201812281800" }, { "TEM" : "-5", "RHU" : "31", "WEATHER" : "00", "WINS" : "00", "WIND" : "07", "reftime" : "201812281900" }, { "TEM" : "-5", "RHU" : "34", "WEATHER" : "00", "WINS" : "00", "WIND" : "07", "reftime" : "201812282000" }, { "TEM" : "-6", "RHU" : "34", "WEATHER" : "00", "WINS" : "00", "WIND" : "07", "reftime" : "201812282100" }, { "TEM" : "-7", "RHU" : "35", "WEATHER" : "00", "WINS" : "00", "WIND" : "06", "reftime" : "201812282200" }, { "TEM" : "-7", "RHU" : "35", "WEATHER" : "00", "WINS" : "00", "WIND" : "06", "reftime" : "201812282300" }, { "TEM" : "-8", "RHU" : "35", "WEATHER" : "00", "WINS" : "00", "WIND" : "06", "reftime" : "201812290000" }, { "TEM" : "-8", "RHU" : "36", "WEATHER" : "00", "WINS" : "00", "WIND" : "06", "reftime" : "201812290100" }, { "TEM" : "-8", "RHU" : "36", "WEATHER" : "00", "WINS" : "00", "WIND" : "06", "reftime" : "201812290200" }, { "TEM" : "-9", "RHU" : "36", "WEATHER" : "00", "WINS" : "00", "WIND" : "06", "reftime" : "201812290300" }, { "TEM" : "-9", "RHU" : "36", "WEATHER" : "00", "WINS" : "00", "WIND" : "08", "reftime" : "201812290400" }, { "TEM" : "-10", "RHU" : "36", "WEATHER" : "00", "WINS" : "00", "WIND" : "08", "reftime" : "201812290500" }, { "TEM" : "-10", "RHU" : "34", "WEATHER" : "00", "WINS" : "00", "WIND" : "08", "reftime" : "201812290600" }, { "TEM" : "-10", "RHU" : "32", "WEATHER" : "00", "WINS" : "00", "WIND" : "08", "reftime" : "201812290700" }, { "TEM" : "-10", "RHU" : "30", "WEATHER" : "00", "WINS" : "00", "WIND" : "08", "reftime" : "201812290800" }, { "TEM" : "-8", "RHU" : "26", "WEATHER" : "00", "WINS" : "02", "WIND" : "08", "reftime" : "201812290900" }] } } }'
&lt;class 'str'&gt;
{ "errmsg" : "", "servertime" : 1545964279, "status" : "success", "result" : { "n1h" : { "39.90_116.40" : [{ "TEM" : "-6", "RHU" : "28", "WEATHER" : "00", "WINS" : "02", "WIND" : "06", "reftime" : "201812281000" }, { "TEM" : "-5", "RHU" : "27", "WEATHER" : "00", "WINS" : "01", "WIND" : "06", "reftime" : "201812281100" }, { "TEM" : "-4", "RHU" : "26", "WEATHER" : "00", "WINS" : "01", "WIND" : "06", "reftime" : "201812281200" }, { "TEM" : "-4", "RHU" : "26", "WEATHER" : "00", "WINS" : "01", "WIND" : "06", "reftime" : "201812281300" }, { "TEM" : "-3", "RHU" : "25", "WEATHER" : "00", "WINS" : "01", "WIND" : "06", "reftime" : "201812281400" }, { "TEM" : "-3", "RHU" : "25", "WEATHER" : "00", "WINS" : "01", "WIND" : "06", "reftime" : "201812281500" }, { "TEM" : "-3", "RHU" : "26", "WEATHER" : "00", "WINS" : "00", "WIND" : "07", "reftime" : "201812281600" }, { "TEM" : "-4", "RHU" : "26", "WEATHER" : "00", "WINS" : "00", "WIND" : "07", "reftime" : "201812281700" }, { "TEM" : "-4", "RHU" : "29", "WEATHER" : "00", "WINS" : "00", "WIND" : "07", "reftime" : "201812281800" }, { "TEM" : "-5", "RHU" : "31", "WEATHER" : "00", "WINS" : "00", "WIND" : "07", "reftime" : "201812281900" }, { "TEM" : "-5", "RHU" : "34", "WEATHER" : "00", "WINS" : "00", "WIND" : "07", "reftime" : "201812282000" }, { "TEM" : "-6", "RHU" : "34", "WEATHER" : "00", "WINS" : "00", "WIND" : "07", "reftime" : "201812282100" }, { "TEM" : "-7", "RHU" : "35", "WEATHER" : "00", "WINS" : "00", "WIND" : "06", "reftime" : "201812282200" }, { "TEM" : "-7", "RHU" : "35", "WEATHER" : "00", "WINS" : "00", "WIND" : "06", "reftime" : "201812282300" }, { "TEM" : "-8", "RHU" : "35", "WEATHER" : "00", "WINS" : "00", "WIND" : "06", "reftime" : "201812290000" }, { "TEM" : "-8", "RHU" : "36", "WEATHER" : "00", "WINS" : "00", "WIND" : "06", "reftime" : "201812290100" }, { "TEM" : "-8", "RHU" : "36", "WEATHER" : "00", "WINS" : "00", "WIND" : "06", "reftime" : "201812290200" }, { "TEM" : "-9", "RHU" : "36", "WEATHER" : "00", "WINS" : "00", "WIND" : "06", "reftime" : "201812290300" }, { "TEM" : "-9", "RHU" : "36", "WEATHER" : "00", "WINS" : "00", "WIND" : "08", "reftime" : "201812290400" }, { "TEM" : "-10", "RHU" : "36", "WEATHER" : "00", "WINS" : "00", "WIND" : "08", "reftime" : "201812290500" }, { "TEM" : "-10", "RHU" : "34", "WEATHER" : "00", "WINS" : "00", "WIND" : "08", "reftime" : "201812290600" }, { "TEM" : "-10", "RHU" : "32", "WEATHER" : "00", "WINS" : "00", "WIND" : "08", "reftime" : "201812290700" }, { "TEM" : "-10", "RHU" : "30", "WEATHER" : "00", "WINS" : "00", "WIND" : "08", "reftime" : "201812290800" }, { "TEM" : "-8", "RHU" : "26", "WEATHER" : "00", "WINS" : "02", "WIND" : "08", "reftime" : "201812290900" }] } } }</msg>
<msg timestamp="20181228 10:31:18.255" level="INFO">${content} = { "errmsg" : "", "servertime" : 1545964279, "status" : "success", "result" : { "n1h" : { "39.90_116.40" : [{ "TEM" : "-6", "RHU" : "28", "WEATHER" : "00", "WINS" : "02", "WIND" : "06", "reftime" : "20...</msg>
<status status="PASS" starttime="20181228 10:31:18.254" endtime="20181228 10:31:18.255"></status>
</kw>
<kw name="Replace String" library="String">
<doc>Replaces ``search_for`` in the given ``string`` with ``replace_with``.</doc>
<arguments>
<arg>${content}</arg>
<arg>${Space}</arg>
<arg>${EMPTY}</arg>
</arguments>
<assign>
<var>${content}</var>
</assign>
<msg timestamp="20181228 10:31:18.255" level="INFO">${content} = {"errmsg":"","servertime":1545964279,"status":"success","result":{"n1h":{"39.90_116.40":[{"TEM":"-6","RHU":"28","WEATHER":"00","WINS":"02","WIND":"06","reftime":"201812281000"},{"TEM":"-5","RHU":"27",...</msg>
<status status="PASS" starttime="20181228 10:31:18.255" endtime="20181228 10:31:18.255"></status>
</kw>
<kw name="Log Json" library="method_private_forPy3">
<arguments>
<arg>${content}</arg>
</arguments>
<status status="PASS" starttime="20181228 10:31:18.255" endtime="20181228 10:31:18.256"></status>
</kw>
<kw name="Log" library="BuiltIn">
<doc>Logs the given message with the given level.</doc>
<arguments>
<arg>======开始断言验证=====</arg>
</arguments>
<msg timestamp="20181228 10:31:18.256" level="INFO">======开始断言验证=====</msg>
<status status="PASS" starttime="20181228 10:31:18.256" endtime="20181228 10:31:18.256"></status>
</kw>
<kw name="Log" library="BuiltIn">
<doc>Logs the given message with the given level.</doc>
<arguments>
<arg>验证ret是否符合预期</arg>
</arguments>
<msg timestamp="20181228 10:31:18.256" level="INFO">验证ret是否符合预期</msg>
<status status="PASS" starttime="20181228 10:31:18.256" endtime="20181228 10:31:18.256"></status>
</kw>
<kw name="Should Contain" library="BuiltIn">
<doc>Fails if ``container`` does not contain ``item`` one or more times.</doc>
<arguments>
<arg>${content}</arg>
<arg>"status":"${ret}"</arg>
</arguments>
<status status="PASS" starttime="20181228 10:31:18.256" endtime="20181228 10:31:18.257"></status>
</kw>
<kw name="Log" library="BuiltIn">
<doc>Logs the given message with the given level.</doc>
<arguments>
<arg>ret 符合预期为:${ret}</arg>
</arguments>
<msg timestamp="20181228 10:31:18.257" level="INFO">ret 符合预期为:success</msg>
<status status="PASS" starttime="20181228 10:31:18.257" endtime="20181228 10:31:18.257"></status>
</kw>
<kw name="Log" library="BuiltIn">
<doc>Logs the given message with the given level.</doc>
<arguments>
<arg>验证msg是否符合预期:${msg}</arg>
</arguments>
<msg timestamp="20181228 10:31:18.257" level="INFO">验证msg是否符合预期:</msg>
<status status="PASS" starttime="20181228 10:31:18.257" endtime="20181228 10:31:18.257"></status>
</kw>
<kw name="Should Contain" library="BuiltIn">
<doc>Fails if ``container`` does not contain ``item`` one or more times.</doc>
<arguments>
<arg>${content}</arg>
<arg>"errmsg":"${msg}"</arg>
</arguments>
<status status="PASS" starttime="20181228 10:31:18.257" endtime="20181228 10:31:18.258"></status>
</kw>
<kw name="Log" library="BuiltIn">
<doc>Logs the given message with the given level.</doc>
<arguments>
<arg>验证OK！！用户${userName}；URL：${webevent_URL}${path}；传参：${maps}！！</arg>
</arguments>
<msg timestamp="20181228 10:31:18.258" level="INFO">验证OK！！用户13829744541；URL：http://webevent-test.thejoyrun.com/weather/forecast；传参：{'lat': '39.9', 'lng': '116.4'}！！</msg>
<status status="PASS" starttime="20181228 10:31:18.258" endtime="20181228 10:31:18.258"></status>
</kw>
<status status="PASS" starttime="20181228 10:31:16.913" endtime="20181228 10:31:18.258"></status>
</kw>
<doc>weather/forecast TestCase测试用例</doc>
<tags>
<tag>auto_v1</tag>
<tag>Online</tag>
<tag>Test</tag>
<tag>txy</tag>
</tags>
<status status="PASS" starttime="20181228 10:31:16.912" endtime="20181228 10:31:18.259" critical="yes"></status>
</test>
<doc>weather/forecast 温度-风力- -天气-风向，"TEM": "30", "WINS": "00", "RHU": "89", "WEATHER": "02", "WIND": "06"</doc>
<status status="PASS" starttime="20181228 10:31:15.337" endtime="20181228 10:31:18.260"></status>
</suite>
<statistics>
<total>
<stat pass="1" fail="0">Critical Tests</stat>
<stat pass="10" fail="0">All Tests</stat>
</total>
<tag>
<stat pass="1" fail="0">auto_v1</stat>
<stat pass="1" fail="0">Online</stat>
<stat pass="1" fail="0">Test</stat>
<stat pass="1" fail="0">txy</stat>
</tag>
<suite>
<stat pass="1" fail="0" id="s1" name="weather forecast Get">weather forecast Get</stat>
</suite>
</statistics>
<errors>
<msg timestamp="20181228 10:31:16.790" level="ERROR">Error in test library 'pymysql': Creating keyword 'Connect' failed: Keyword with same name defined multiple times.</msg>
</errors>
</robot>
